00:00:40.801 [ReplicaAwareInstanceRegistry - RenewalThresholdUpdater] INFO  c.n.e.r.PeerAwareInstanceRegistryImpl - Current renewal threshold is : 0
00:00:40.905 [Eureka-EvictionTimer] INFO  c.n.e.r.AbstractInstanceRegistry - Running the evict task with compensationTime 4ms
00:01:40.905 [Eureka-EvictionTimer] INFO  c.n.e.r.AbstractInstanceRegistry - Running the evict task with compensationTime 4ms
00:02:22.654 [http-nio-8761-exec-4] INFO  c.n.e.r.AbstractInstanceRegistry - Registered instance COM.FLIGHTMANAGEMENTSYSTEM.APIGATEWAY/LIN-5CG2093V3P.corp.capgemini.com:com.FlightManagementSystem.APIGateway:8888 with status UP (replication=false)
00:02:23.163 [http-nio-8761-exec-8] INFO  c.n.e.r.AbstractInstanceRegistry - Registered instance COM.FLIGHTMANAGEMENTSYSTEM.APIGATEWAY/LIN-5CG2093V3P.corp.capgemini.com:com.FlightManagementSystem.APIGateway:8888 with status UP (replication=true)
00:02:40.906 [Eureka-EvictionTimer] INFO  c.n.e.r.AbstractInstanceRegistry - Running the evict task with compensationTime 5ms
00:03:40.906 [Eureka-EvictionTimer] INFO  c.n.e.r.AbstractInstanceRegistry - Running the evict task with compensationTime 4ms
00:04:40.906 [Eureka-EvictionTimer] INFO  c.n.e.r.AbstractInstanceRegistry - Running the evict task with compensationTime 1ms
00:05:40.906 [Eureka-EvictionTimer] INFO  c.n.e.r.AbstractInstanceRegistry - Running the evict task with compensationTime 1ms
00:06:22.557 [http-nio-8761-exec-2] INFO  c.n.e.r.AbstractInstanceRegistry - Registered instance COM.FLIGHTMANAGEMENTSYSTEM.FLIGHTDETAILS/LIN-5CG2093V3P.corp.capgemini.com:com.FlightManagementSystem.FlightDetails:8081 with status UP (replication=false)
00:06:23.066 [http-nio-8761-exec-9] INFO  c.n.e.r.AbstractInstanceRegistry - Registered instance COM.FLIGHTMANAGEMENTSYSTEM.FLIGHTDETAILS/LIN-5CG2093V3P.corp.capgemini.com:com.FlightManagementSystem.FlightDetails:8081 with status UP (replication=true)
00:06:40.906 [Eureka-EvictionTimer] INFO  c.n.e.r.AbstractInstanceRegistry - Running the evict task with compensationTime 1ms
00:07:40.906 [Eureka-EvictionTimer] INFO  c.n.e.r.AbstractInstanceRegistry - Running the evict task with compensationTime 1ms
00:08:40.907 [Eureka-EvictionTimer] INFO  c.n.e.r.AbstractInstanceRegistry - Running the evict task with compensationTime 2ms
00:09:40.907 [Eureka-EvictionTimer] INFO  c.n.e.r.AbstractInstanceRegistry - Running the evict task with compensationTime 1ms
00:10:40.907 [Eureka-EvictionTimer] INFO  c.n.e.r.AbstractInstanceRegistry - Running the evict task with compensationTime 0ms
00:10:47.778 [http-nio-8761-exec-4] INFO  c.n.e.r.AbstractInstanceRegistry - Registered instance COM.FLIGHTMANAGEMENTSYSTEM.APIGATEWAY/LIN-5CG2093V3P.corp.capgemini.com:com.FlightManagementSystem.APIGateway:8888 with status DOWN (replication=false)
00:10:48.287 [http-nio-8761-exec-1] INFO  c.n.e.r.AbstractInstanceRegistry - Registered instance COM.FLIGHTMANAGEMENTSYSTEM.APIGATEWAY/LIN-5CG2093V3P.corp.capgemini.com:com.FlightManagementSystem.APIGateway:8888 with status DOWN (replication=true)
00:10:52.313 [http-nio-8761-exec-10] INFO  c.n.e.r.AbstractInstanceRegistry - Registered instance COM.FLIGHTMANAGEMENTSYSTEM.APIGATEWAY/LIN-5CG2093V3P.corp.capgemini.com:com.FlightManagementSystem.APIGateway:8888 with status UP (replication=false)
00:10:52.826 [http-nio-8761-exec-2] INFO  c.n.e.r.AbstractInstanceRegistry - Registered instance COM.FLIGHTMANAGEMENTSYSTEM.APIGATEWAY/LIN-5CG2093V3P.corp.capgemini.com:com.FlightManagementSystem.APIGateway:8888 with status UP (replication=true)
00:10:53.359 [http-nio-8761-exec-3] INFO  c.n.e.r.AbstractInstanceRegistry - Registered instance COM.FLIGHTMANAGEMENTSYSTEM.APIGATEWAY/LIN-5CG2093V3P.corp.capgemini.com:com.FlightManagementSystem.APIGateway:8888 with status DOWN (replication=false)
00:10:53.866 [http-nio-8761-exec-4] INFO  c.n.e.r.AbstractInstanceRegistry - Registered instance COM.FLIGHTMANAGEMENTSYSTEM.APIGATEWAY/LIN-5CG2093V3P.corp.capgemini.com:com.FlightManagementSystem.APIGateway:8888 with status DOWN (replication=true)
00:10:57.692 [http-nio-8761-exec-5] INFO  c.n.e.r.AbstractInstanceRegistry - Registered instance COM.FLIGHTMANAGEMENTSYSTEM.APIGATEWAY/LIN-5CG2093V3P.corp.capgemini.com:com.FlightManagementSystem.APIGateway:8888 with status UP (replication=false)
00:10:58.205 [http-nio-8761-exec-6] INFO  c.n.e.r.AbstractInstanceRegistry - Registered instance COM.FLIGHTMANAGEMENTSYSTEM.APIGATEWAY/LIN-5CG2093V3P.corp.capgemini.com:com.FlightManagementSystem.APIGateway:8888 with status UP (replication=true)
00:11:40.908 [Eureka-EvictionTimer] INFO  c.n.e.r.AbstractInstanceRegistry - Running the evict task with compensationTime 1ms
00:12:40.909 [Eureka-EvictionTimer] INFO  c.n.e.r.AbstractInstanceRegistry - Running the evict task with compensationTime 0ms
00:12:54.713 [http-nio-8761-exec-8] INFO  c.n.e.r.AbstractInstanceRegistry - Registered instance COM.FLIGHTMANAGEMENTSYSTEM.APIGATEWAY/LIN-5CG2093V3P.corp.capgemini.com:com.FlightManagementSystem.APIGateway:8888 with status DOWN (replication=false)
00:12:55.224 [http-nio-8761-exec-10] INFO  c.n.e.r.AbstractInstanceRegistry - Registered instance COM.FLIGHTMANAGEMENTSYSTEM.APIGATEWAY/LIN-5CG2093V3P.corp.capgemini.com:com.FlightManagementSystem.APIGateway:8888 with status DOWN (replication=true)
00:12:55.958 [http-nio-8761-exec-6] INFO  c.n.e.r.AbstractInstanceRegistry - Registered instance COM.FLIGHTMANAGEMENTSYSTEM.APIGATEWAY/LIN-5CG2093V3P.corp.capgemini.com:com.FlightManagementSystem.APIGateway:8888 with status UP (replication=false)
00:12:56.463 [http-nio-8761-exec-2] INFO  c.n.e.r.AbstractInstanceRegistry - Registered instance COM.FLIGHTMANAGEMENTSYSTEM.APIGATEWAY/LIN-5CG2093V3P.corp.capgemini.com:com.FlightManagementSystem.APIGateway:8888 with status UP (replication=true)
00:13:40.909 [Eureka-EvictionTimer] INFO  c.n.e.r.AbstractInstanceRegistry - Running the evict task with compensationTime 0ms
00:14:26.339 [http-nio-8761-exec-10] INFO  c.n.e.r.AbstractInstanceRegistry - Registered instance COM.FLIGHTMANAGEMENTSYSTEM.APIGATEWAY/LIN-5CG2093V3P.corp.capgemini.com:com.FlightManagementSystem.APIGateway:8888 with status DOWN (replication=false)
00:14:26.527 [http-nio-8761-exec-6] INFO  c.n.e.r.AbstractInstanceRegistry - Registered instance COM.FLIGHTMANAGEMENTSYSTEM.APIGATEWAY/LIN-5CG2093V3P.corp.capgemini.com:com.FlightManagementSystem.APIGateway:8888 with status DOWN (replication=true)
00:14:26.530 [TaskBatchingWorker-target_localhost-3] WARN  c.n.eureka.cluster.ReplicationTask - The replication of task COM.FLIGHTMANAGEMENTSYSTEM.APIGATEWAY/LIN-5CG2093V3P.corp.capgemini.com:com.FlightManagementSystem.APIGateway:8888:Heartbeat@localhost failed with response code 409
00:14:26.531 [TaskBatchingWorker-target_localhost-3] WARN  c.n.eureka.cluster.PeerEurekaNode - Peer wants us to take the instance information from it, since the timestamp differs,Id : LIN-5CG2093V3P.corp.capgemini.com:com.FlightManagementSystem.APIGateway:8888 My Timestamp : 1715107375947, Peer's timestamp: 1715107466332
00:14:26.531 [TaskBatchingWorker-target_localhost-3] INFO  c.n.e.r.AbstractInstanceRegistry - Registered instance COM.FLIGHTMANAGEMENTSYSTEM.APIGATEWAY/LIN-5CG2093V3P.corp.capgemini.com:com.FlightManagementSystem.APIGateway:8888 with status DOWN (replication=true)
00:14:27.681 [http-nio-8761-exec-9] INFO  c.n.e.r.AbstractInstanceRegistry - Registered instance COM.FLIGHTMANAGEMENTSYSTEM.APIGATEWAY/LIN-5CG2093V3P.corp.capgemini.com:com.FlightManagementSystem.APIGateway:8888 with status UP (replication=false)
00:14:28.187 [http-nio-8761-exec-8] INFO  c.n.e.r.AbstractInstanceRegistry - Registered instance COM.FLIGHTMANAGEMENTSYSTEM.APIGATEWAY/LIN-5CG2093V3P.corp.capgemini.com:com.FlightManagementSystem.APIGateway:8888 with status UP (replication=true)
00:14:40.910 [Eureka-EvictionTimer] INFO  c.n.e.r.AbstractInstanceRegistry - Running the evict task with compensationTime 1ms
00:14:48.230 [http-nio-8761-exec-3] INFO  c.n.e.r.AbstractInstanceRegistry - Registered instance COM.FLIGHTMANAGEMENTSYSTEM.APIGATEWAY/LIN-5CG2093V3P.corp.capgemini.com:com.FlightManagementSystem.APIGateway:8888 with status DOWN (replication=false)
00:14:48.739 [http-nio-8761-exec-7] INFO  c.n.e.r.AbstractInstanceRegistry - Registered instance COM.FLIGHTMANAGEMENTSYSTEM.APIGATEWAY/LIN-5CG2093V3P.corp.capgemini.com:com.FlightManagementSystem.APIGateway:8888 with status DOWN (replication=true)
00:14:49.490 [http-nio-8761-exec-10] INFO  c.n.e.r.AbstractInstanceRegistry - Registered instance COM.FLIGHTMANAGEMENTSYSTEM.APIGATEWAY/LIN-5CG2093V3P.corp.capgemini.com:com.FlightManagementSystem.APIGateway:8888 with status UP (replication=false)
00:14:49.997 [http-nio-8761-exec-6] INFO  c.n.e.r.AbstractInstanceRegistry - Registered instance COM.FLIGHTMANAGEMENTSYSTEM.APIGATEWAY/LIN-5CG2093V3P.corp.capgemini.com:com.FlightManagementSystem.APIGateway:8888 with status UP (replication=true)
00:15:16.224 [http-nio-8761-exec-1] INFO  c.n.e.r.AbstractInstanceRegistry - Registered instance COM.FLIGHTMANAGEMENTSYSTEM.APIGATEWAY/LIN-5CG2093V3P.corp.capgemini.com:com.FlightManagementSystem.APIGateway:8888 with status DOWN (replication=false)
00:15:16.733 [http-nio-8761-exec-4] INFO  c.n.e.r.AbstractInstanceRegistry - Registered instance COM.FLIGHTMANAGEMENTSYSTEM.APIGATEWAY/LIN-5CG2093V3P.corp.capgemini.com:com.FlightManagementSystem.APIGateway:8888 with status DOWN (replication=true)
00:15:17.438 [http-nio-8761-exec-10] INFO  c.n.e.r.AbstractInstanceRegistry - Registered instance COM.FLIGHTMANAGEMENTSYSTEM.APIGATEWAY/LIN-5CG2093V3P.corp.capgemini.com:com.FlightManagementSystem.APIGateway:8888 with status UP (replication=false)
00:15:17.949 [http-nio-8761-exec-5] INFO  c.n.e.r.AbstractInstanceRegistry - Registered instance COM.FLIGHTMANAGEMENTSYSTEM.APIGATEWAY/LIN-5CG2093V3P.corp.capgemini.com:com.FlightManagementSystem.APIGateway:8888 with status UP (replication=true)
00:15:21.619 [http-nio-8761-exec-9] INFO  c.n.e.r.AbstractInstanceRegistry - Registered instance COM.FLIGHTMANAGEMENTSYSTEM.APIGATEWAY/LIN-5CG2093V3P.corp.capgemini.com:com.FlightManagementSystem.APIGateway:8888 with status DOWN (replication=false)
00:15:22.130 [http-nio-8761-exec-8] INFO  c.n.e.r.AbstractInstanceRegistry - Registered instance COM.FLIGHTMANAGEMENTSYSTEM.APIGATEWAY/LIN-5CG2093V3P.corp.capgemini.com:com.FlightManagementSystem.APIGateway:8888 with status DOWN (replication=true)
00:15:22.906 [http-nio-8761-exec-3] INFO  c.n.e.r.AbstractInstanceRegistry - Registered instance COM.FLIGHTMANAGEMENTSYSTEM.APIGATEWAY/LIN-5CG2093V3P.corp.capgemini.com:com.FlightManagementSystem.APIGateway:8888 with status UP (replication=false)
00:15:23.416 [http-nio-8761-exec-10] INFO  c.n.e.r.AbstractInstanceRegistry - Registered instance COM.FLIGHTMANAGEMENTSYSTEM.APIGATEWAY/LIN-5CG2093V3P.corp.capgemini.com:com.FlightManagementSystem.APIGateway:8888 with status UP (replication=true)
00:15:40.802 [ReplicaAwareInstanceRegistry - RenewalThresholdUpdater] INFO  c.n.e.r.PeerAwareInstanceRegistryImpl - Current renewal threshold is : 0
00:15:40.910 [Eureka-EvictionTimer] INFO  c.n.e.r.AbstractInstanceRegistry - Running the evict task with compensationTime 0ms
00:16:09.300 [http-nio-8761-exec-7] INFO  c.n.e.r.AbstractInstanceRegistry - Registered instance COM.FLIGHTMANAGEMENTSYSTEM.APIGATEWAY/LIN-5CG2093V3P.corp.capgemini.com:com.FlightManagementSystem.APIGateway:8888 with status DOWN (replication=false)
00:16:09.809 [http-nio-8761-exec-3] INFO  c.n.e.r.AbstractInstanceRegistry - Registered instance COM.FLIGHTMANAGEMENTSYSTEM.APIGATEWAY/LIN-5CG2093V3P.corp.capgemini.com:com.FlightManagementSystem.APIGateway:8888 with status DOWN (replication=true)
00:16:18.170 [http-nio-8761-exec-6] INFO  c.n.e.r.AbstractInstanceRegistry - Registered instance COM.FLIGHTMANAGEMENTSYSTEM.APIGATEWAY/LIN-5CG2093V3P.corp.capgemini.com:com.FlightManagementSystem.APIGateway:8888 with status UP (replication=false)
00:16:18.684 [http-nio-8761-exec-2] INFO  c.n.e.r.AbstractInstanceRegistry - Registered instance COM.FLIGHTMANAGEMENTSYSTEM.APIGATEWAY/LIN-5CG2093V3P.corp.capgemini.com:com.FlightManagementSystem.APIGateway:8888 with status UP (replication=true)
00:16:40.910 [Eureka-EvictionTimer] INFO  c.n.e.r.AbstractInstanceRegistry - Running the evict task with compensationTime 0ms
00:17:40.911 [Eureka-EvictionTimer] INFO  c.n.e.r.AbstractInstanceRegistry - Running the evict task with compensationTime 0ms
00:18:40.258 [http-nio-8761-exec-9] INFO  c.n.e.r.AbstractInstanceRegistry - Registered instance COM.FLIGHTMANAGEMENTSYSTEM.APIGATEWAY/LIN-5CG2093V3P.corp.capgemini.com:com.FlightManagementSystem.APIGateway:8888 with status DOWN (replication=false)
00:18:40.792 [http-nio-8761-exec-7] INFO  c.n.e.r.AbstractInstanceRegistry - Registered instance COM.FLIGHTMANAGEMENTSYSTEM.APIGATEWAY/LIN-5CG2093V3P.corp.capgemini.com:com.FlightManagementSystem.APIGateway:8888 with status DOWN (replication=true)
00:18:40.913 [Eureka-EvictionTimer] INFO  c.n.e.r.AbstractInstanceRegistry - Running the evict task with compensationTime 2ms
00:18:49.303 [RMI TCP Connection(36)-127.0.0.1] INFO  o.s.b.a.SpringApplicationAdminMXBeanRegistrar$SpringApplicationAdmin - Application shutdown requested.
00:18:49.305 [RMI TCP Connection(36)-127.0.0.1] INFO  o.s.c.n.e.s.EurekaServiceRegistry - Unregistering application COM.FLIGHTMANAGEMENTSYSTEM.EUREKA with eureka with status DOWN
00:18:49.309 [RMI TCP Connection(36)-127.0.0.1] INFO  o.a.coyote.http11.Http11NioProtocol - Stopping ProtocolHandler ["http-nio-8761"]
00:18:49.324 [RMI TCP Connection(36)-127.0.0.1] INFO  o.s.c.n.e.s.EurekaServerBootstrap - Shutting down Eureka Server..
00:18:49.328 [RMI TCP Connection(36)-127.0.0.1] INFO  c.n.e.DefaultEurekaServerContext - Shutting down ...
00:18:49.330 [RMI TCP Connection(36)-127.0.0.1] INFO  c.netflix.servo.monitor.StatsMonitor - Attempting to get the value for an expired monitor: eurekaServer.replication.batchSize.Will start computing stats again.
00:18:49.333 [RMI TCP Connection(36)-127.0.0.1] INFO  c.netflix.servo.monitor.StatsMonitor - Attempting to get the value for an expired monitor: eurekaServer.replication.executionTime.Will start computing stats again.
00:18:49.333 [RMI TCP Connection(36)-127.0.0.1] INFO  c.netflix.servo.monitor.StatsMonitor - Attempting to get the value for an expired monitor: eurekaServer.replication.executionTime.Will start computing stats again.
00:18:49.335 [RMI TCP Connection(36)-127.0.0.1] INFO  c.netflix.servo.monitor.StatsMonitor - Attempting to get the value for an expired monitor: eurekaServer.replication.batchSize.Will start computing stats again.
00:18:49.348 [RMI TCP Connection(36)-127.0.0.1] INFO  c.n.e.DefaultEurekaServerContext - Shut down
00:18:49.348 [RMI TCP Connection(36)-127.0.0.1] INFO  o.s.c.n.e.s.EurekaServerBootstrap - Eureka Service is now shutdown...
00:18:49.348 [RMI TCP Connection(36)-127.0.0.1] INFO  c.n.e.DefaultEurekaServerContext - Shutting down ...
00:18:49.353 [RMI TCP Connection(36)-127.0.0.1] INFO  c.n.e.DefaultEurekaServerContext - Shut down
00:18:49.363 [RMI TCP Connection(36)-127.0.0.1] INFO  c.netflix.discovery.DiscoveryClient - Shutting down DiscoveryClient ...
00:18:49.363 [RMI TCP Connection(36)-127.0.0.1] INFO  c.netflix.discovery.DiscoveryClient - Completed shut down of DiscoveryClient
00:18:53.750 [restartedMain] INFO  com.FMS.Application - Starting Application using Java 17.0.10 with PID 4656 (C:\Users\ayadav2\FlightManagementSystem\com.FlightManagementSystem.Eureka\target\classes started by ayadav2 in C:\Users\ayadav2\FlightManagementSystem\com.FlightManagementSystem.Eureka)
00:18:53.753 [restartedMain] INFO  com.FMS.Application - No active profile set, falling back to 1 default profile: "default"
00:18:53.811 [restartedMain] INFO  o.s.b.d.e.DevToolsPropertyDefaultsPostProcessor - Devtools property defaults active! Set 'spring.devtools.add-properties' to 'false' to disable
00:18:53.812 [restartedMain] INFO  o.s.b.d.e.DevToolsPropertyDefaultsPostProcessor - For additional web related logging consider setting the 'logging.level.web' property to 'DEBUG'
00:18:54.879 [restartedMain] INFO  o.s.cloud.context.scope.GenericScope - BeanFactory id=3c8deffe-9cc2-3611-b9a0-a889a3ca72bc
00:18:54.925 [restartedMain] WARN  o.s.c.s.PostProcessorRegistrationDelegate$BeanPostProcessorChecker - Bean 'org.springframework.cloud.client.loadbalancer.LoadBalancerAutoConfiguration$DeferringLoadBalancerInterceptorConfig' of type [org.springframework.cloud.client.loadbalancer.LoadBalancerAutoConfiguration$DeferringLoadBalancerInterceptorConfig] is not eligible for getting processed by all BeanPostProcessors (for example: not eligible for auto-proxying). The currently created BeanPostProcessor [lbRestClientPostProcessor] is declared through a non-static factory method on that class; consider declaring it as static instead.
00:18:54.928 [restartedMain] WARN  o.s.c.s.PostProcessorRegistrationDelegate$BeanPostProcessorChecker - Bean 'deferringLoadBalancerInterceptor' of type [org.springframework.cloud.client.loadbalancer.DeferringLoadBalancerInterceptor] is not eligible for getting processed by all BeanPostProcessors (for example: not eligible for auto-proxying). Is this bean getting eagerly injected into a currently created BeanPostProcessor [lbRestClientPostProcessor]? Check the corresponding BeanPostProcessor declaration and its dependencies.
00:18:55.281 [restartedMain] INFO  o.s.b.w.e.tomcat.TomcatWebServer - Tomcat initialized with port 8761 (http)
00:18:55.291 [restartedMain] INFO  o.a.coyote.http11.Http11NioProtocol - Initializing ProtocolHandler ["http-nio-8761"]
00:18:55.292 [restartedMain] INFO  o.a.catalina.core.StandardService - Starting service [Tomcat]
00:18:55.293 [restartedMain] INFO  o.a.catalina.core.StandardEngine - Starting Servlet engine: [Apache Tomcat/10.1.20]
00:18:55.364 [restartedMain] INFO  o.a.c.c.C.[Tomcat].[localhost].[/] - Initializing Spring embedded WebApplicationContext
00:18:55.364 [restartedMain] INFO  o.s.b.w.s.c.ServletWebServerApplicationContext - Root WebApplicationContext: initialization completed in 1552 ms
00:18:56.222 [restartedMain] INFO  c.n.d.p.DiscoveryJerseyProvider - Using JSON encoding codec LegacyJacksonJson
00:18:56.224 [restartedMain] INFO  c.n.d.p.DiscoveryJerseyProvider - Using JSON decoding codec LegacyJacksonJson
00:18:56.407 [restartedMain] INFO  c.n.d.p.DiscoveryJerseyProvider - Using XML encoding codec XStreamXml
00:18:56.408 [restartedMain] INFO  c.n.d.p.DiscoveryJerseyProvider - Using XML decoding codec XStreamXml
00:18:57.365 [restartedMain] INFO  o.s.b.d.a.OptionalLiveReloadServer - LiveReload server is running on port 35729
00:18:57.538 [restartedMain] WARN  o.s.c.l.c.LoadBalancerCacheAutoConfiguration$LoadBalancerCaffeineWarnLogger - Spring Cloud LoadBalancer is currently working with the default cache. While this cache implementation is useful for development and tests, it's recommended to use Caffeine cache in production.You can switch to using Caffeine cache, by adding it and org.springframework.cache.caffeine.CaffeineCacheManager to the classpath.
00:18:57.561 [restartedMain] INFO  o.s.c.n.eureka.InstanceInfoFactory - Setting initial instance status as: STARTING
00:18:57.597 [restartedMain] INFO  c.netflix.discovery.DiscoveryClient - Initializing Eureka in region us-east-1
00:18:57.597 [restartedMain] INFO  c.netflix.discovery.DiscoveryClient - Client configured to neither register nor query for data.
00:18:57.607 [restartedMain] INFO  c.netflix.discovery.DiscoveryClient - Discovery Client initialized at timestamp 1715107737606 with initial instances count: 0
00:18:57.649 [restartedMain] INFO  c.n.e.DefaultEurekaServerContext - Initializing ...
00:18:57.651 [restartedMain] INFO  c.n.eureka.cluster.PeerEurekaNodes - Adding new peer nodes [http://localhost:8761/eureka/]
00:18:57.775 [restartedMain] INFO  c.n.d.p.DiscoveryJerseyProvider - Using JSON encoding codec LegacyJacksonJson
00:18:57.775 [restartedMain] INFO  c.n.d.p.DiscoveryJerseyProvider - Using JSON decoding codec LegacyJacksonJson
00:18:57.783 [restartedMain] INFO  c.n.d.p.DiscoveryJerseyProvider - Using XML encoding codec XStreamXml
00:18:57.783 [restartedMain] INFO  c.n.d.p.DiscoveryJerseyProvider - Using XML decoding codec XStreamXml
00:18:57.843 [restartedMain] INFO  c.n.eureka.cluster.PeerEurekaNodes - Replica node URL:  http://localhost:8761/eureka/
00:18:57.853 [restartedMain] INFO  c.n.e.r.AbstractInstanceRegistry - Finished initializing remote region registries. All known remote regions: []
00:18:57.854 [restartedMain] INFO  c.n.e.DefaultEurekaServerContext - Initialized
00:18:57.862 [restartedMain] INFO  o.s.b.a.e.web.EndpointLinksResolver - Exposing 1 endpoint(s) beneath base path '/actuator'
00:18:57.936 [restartedMain] INFO  o.s.c.n.e.s.EurekaServiceRegistry - Registering application COM.FLIGHTMANAGEMENTSYSTEM.EUREKA with eureka with status UP
00:18:57.938 [restartedMain] INFO  o.a.coyote.http11.Http11NioProtocol - Starting ProtocolHandler ["http-nio-8761"]
00:18:57.949 [Thread-15] INFO  o.s.c.n.e.s.EurekaServerBootstrap - isAws returned false
00:18:57.950 [Thread-15] INFO  o.s.c.n.e.s.EurekaServerBootstrap - Initialized server context
00:18:57.951 [Thread-15] INFO  c.n.e.r.PeerAwareInstanceRegistryImpl - Got 1 instances from neighboring DS node
00:18:57.951 [Thread-15] INFO  c.n.e.r.PeerAwareInstanceRegistryImpl - Renew threshold is: 1
00:18:57.951 [Thread-15] INFO  c.n.e.r.PeerAwareInstanceRegistryImpl - Changing status to UP
00:18:57.958 [Thread-15] INFO  o.s.c.n.e.s.EurekaServerInitializerConfiguration - Started Eureka Server
00:18:57.971 [restartedMain] INFO  o.s.b.w.e.tomcat.TomcatWebServer - Tomcat started on port 8761 (http) with context path ''
00:18:57.972 [restartedMain] INFO  o.s.c.n.e.s.EurekaAutoServiceRegistration - Updating port to 8761
00:18:58.121 [restartedMain] INFO  com.FMS.Application - Started Application in 4.862 seconds (process running for 6.128)
00:18:58.812 [RMI TCP Connection(3)-127.0.0.1] INFO  o.a.c.c.C.[Tomcat].[localhost].[/] - Initializing Spring DispatcherServlet 'dispatcherServlet'
00:18:58.813 [RMI TCP Connection(3)-127.0.0.1] INFO  o.s.web.servlet.DispatcherServlet - Initializing Servlet 'dispatcherServlet'
00:18:58.815 [RMI TCP Connection(3)-127.0.0.1] INFO  o.s.web.servlet.DispatcherServlet - Completed initialization in 1 ms
00:19:06.814 [http-nio-8761-exec-2] INFO  c.n.e.r.AbstractInstanceRegistry - Registered instance COM.FLIGHTMANAGEMENTSYSTEM.AUTH-SERVICE/LIN-5CG2093V3P.corp.capgemini.com:com.FlightManagementSystem.Auth-Service:8889 with status UP (replication=false)
00:19:07.456 [http-nio-8761-exec-3] INFO  c.n.e.r.AbstractInstanceRegistry - Registered instance COM.FLIGHTMANAGEMENTSYSTEM.AUTH-SERVICE/LIN-5CG2093V3P.corp.capgemini.com:com.FlightManagementSystem.Auth-Service:8889 with status UP (replication=true)
00:19:19.749 [http-nio-8761-exec-4] WARN  c.n.e.r.AbstractInstanceRegistry - DS: Registry: lease doesn't exist, registering resource: COM.FLIGHTMANAGEMENTSYSTEM.APIGATEWAY - LIN-5CG2093V3P.corp.capgemini.com:com.FlightManagementSystem.APIGateway:8888
00:19:19.749 [http-nio-8761-exec-4] WARN  c.n.e.resources.InstanceResource - Not Found (Renew): COM.FLIGHTMANAGEMENTSYSTEM.APIGATEWAY - LIN-5CG2093V3P.corp.capgemini.com:com.FlightManagementSystem.APIGateway:8888
00:19:19.751 [http-nio-8761-exec-6] INFO  c.n.e.r.AbstractInstanceRegistry - Registered instance COM.FLIGHTMANAGEMENTSYSTEM.APIGATEWAY/LIN-5CG2093V3P.corp.capgemini.com:com.FlightManagementSystem.APIGateway:8888 with status UP (replication=false)
00:19:19.853 [http-nio-8761-exec-7] INFO  c.n.e.r.AbstractInstanceRegistry - Registered instance COM.FLIGHTMANAGEMENTSYSTEM.APIGATEWAY/LIN-5CG2093V3P.corp.capgemini.com:com.FlightManagementSystem.APIGateway:8888 with status UP (replication=false)
00:19:20.368 [http-nio-8761-exec-8] INFO  c.n.e.r.AbstractInstanceRegistry - Registered instance COM.FLIGHTMANAGEMENTSYSTEM.APIGATEWAY/LIN-5CG2093V3P.corp.capgemini.com:com.FlightManagementSystem.APIGateway:8888 with status UP (replication=true)
00:19:23.103 [http-nio-8761-exec-9] WARN  c.n.e.r.AbstractInstanceRegistry - DS: Registry: lease doesn't exist, registering resource: COM.FLIGHTMANAGEMENTSYSTEM.FLIGHTDETAILS - LIN-5CG2093V3P.corp.capgemini.com:com.FlightManagementSystem.FlightDetails:8081
00:19:23.103 [http-nio-8761-exec-9] WARN  c.n.e.resources.InstanceResource - Not Found (Renew): COM.FLIGHTMANAGEMENTSYSTEM.FLIGHTDETAILS - LIN-5CG2093V3P.corp.capgemini.com:com.FlightManagementSystem.FlightDetails:8081
00:19:23.121 [http-nio-8761-exec-1] INFO  c.n.e.r.AbstractInstanceRegistry - Registered instance COM.FLIGHTMANAGEMENTSYSTEM.FLIGHTDETAILS/LIN-5CG2093V3P.corp.capgemini.com:com.FlightManagementSystem.FlightDetails:8081 with status UP (replication=false)
00:19:23.630 [http-nio-8761-exec-3] INFO  c.n.e.r.AbstractInstanceRegistry - Registered instance COM.FLIGHTMANAGEMENTSYSTEM.FLIGHTDETAILS/LIN-5CG2093V3P.corp.capgemini.com:com.FlightManagementSystem.FlightDetails:8081 with status UP (replication=true)
00:19:57.953 [Eureka-EvictionTimer] INFO  c.n.e.r.AbstractInstanceRegistry - Running the evict task with compensationTime 0ms
00:20:57.954 [Eureka-EvictionTimer] INFO  c.n.e.r.AbstractInstanceRegistry - Running the evict task with compensationTime 0ms
00:21:57.954 [Eureka-EvictionTimer] INFO  c.n.e.r.AbstractInstanceRegistry - Running the evict task with compensationTime 2ms
00:22:04.583 [http-nio-8761-exec-8] INFO  c.n.e.r.AbstractInstanceRegistry - Registered instance COM.FLIGHTMANAGEMENTSYSTEM.APIGATEWAY/LIN-5CG2093V3P.corp.capgemini.com:com.FlightManagementSystem.APIGateway:8888 with status DOWN (replication=false)
00:22:05.091 [http-nio-8761-exec-9] INFO  c.n.e.r.AbstractInstanceRegistry - Registered instance COM.FLIGHTMANAGEMENTSYSTEM.APIGATEWAY/LIN-5CG2093V3P.corp.capgemini.com:com.FlightManagementSystem.APIGateway:8888 with status DOWN (replication=true)
00:22:20.298 [http-nio-8761-exec-7] INFO  c.n.e.r.AbstractInstanceRegistry - Registered instance COM.FLIGHTMANAGEMENTSYSTEM.APIGATEWAY/LIN-5CG2093V3P.corp.capgemini.com:com.FlightManagementSystem.APIGateway:8888 with status UP (replication=false)
00:22:20.807 [http-nio-8761-exec-4] INFO  c.n.e.r.AbstractInstanceRegistry - Registered instance COM.FLIGHTMANAGEMENTSYSTEM.APIGATEWAY/LIN-5CG2093V3P.corp.capgemini.com:com.FlightManagementSystem.APIGateway:8888 with status UP (replication=true)
00:22:57.954 [Eureka-EvictionTimer] INFO  c.n.e.r.AbstractInstanceRegistry - Running the evict task with compensationTime 2ms
00:23:06.430 [http-nio-8761-exec-10] INFO  c.n.e.r.AbstractInstanceRegistry - Registered instance COM.FLIGHTMANAGEMENTSYSTEM.FLIGHTDETAILS/LIN-5CG2093V3P.corp.capgemini.com:com.FlightManagementSystem.FlightDetails:8081 with status DOWN (replication=false)
00:23:06.942 [http-nio-8761-exec-8] INFO  c.n.e.r.AbstractInstanceRegistry - Registered instance COM.FLIGHTMANAGEMENTSYSTEM.FLIGHTDETAILS/LIN-5CG2093V3P.corp.capgemini.com:com.FlightManagementSystem.FlightDetails:8081 with status DOWN (replication=true)
00:23:09.910 [RMI TCP Connection(7)-127.0.0.1] INFO  o.s.b.a.SpringApplicationAdminMXBeanRegistrar$SpringApplicationAdmin - Application shutdown requested.
00:23:09.913 [RMI TCP Connection(7)-127.0.0.1] INFO  o.s.c.n.e.s.EurekaServiceRegistry - Unregistering application COM.FLIGHTMANAGEMENTSYSTEM.EUREKA with eureka with status DOWN
00:23:09.917 [RMI TCP Connection(7)-127.0.0.1] INFO  o.a.coyote.http11.Http11NioProtocol - Stopping ProtocolHandler ["http-nio-8761"]
00:23:09.932 [RMI TCP Connection(7)-127.0.0.1] INFO  o.s.c.n.e.s.EurekaServerBootstrap - Shutting down Eureka Server..
00:23:09.938 [RMI TCP Connection(7)-127.0.0.1] INFO  c.n.e.DefaultEurekaServerContext - Shutting down ...
00:23:09.955 [RMI TCP Connection(7)-127.0.0.1] INFO  c.n.e.DefaultEurekaServerContext - Shut down
00:23:09.956 [RMI TCP Connection(7)-127.0.0.1] INFO  o.s.c.n.e.s.EurekaServerBootstrap - Eureka Service is now shutdown...
00:23:09.956 [RMI TCP Connection(7)-127.0.0.1] INFO  c.n.e.DefaultEurekaServerContext - Shutting down ...
00:23:09.962 [RMI TCP Connection(7)-127.0.0.1] INFO  c.n.e.DefaultEurekaServerContext - Shut down
00:23:09.972 [RMI TCP Connection(7)-127.0.0.1] INFO  c.netflix.discovery.DiscoveryClient - Shutting down DiscoveryClient ...
00:23:09.973 [RMI TCP Connection(7)-127.0.0.1] INFO  c.netflix.discovery.DiscoveryClient - Completed shut down of DiscoveryClient
00:23:56.208 [restartedMain] INFO  com.FMS.Application - Starting Application using Java 17.0.10 with PID 11840 (C:\Users\ayadav2\FlightManagementSystem\com.FlightManagementSystem.Eureka\target\classes started by ayadav2 in C:\Users\ayadav2\FlightManagementSystem\com.FlightManagementSystem.Eureka)
00:23:56.212 [restartedMain] INFO  com.FMS.Application - No active profile set, falling back to 1 default profile: "default"
00:23:56.287 [restartedMain] INFO  o.s.b.d.e.DevToolsPropertyDefaultsPostProcessor - Devtools property defaults active! Set 'spring.devtools.add-properties' to 'false' to disable
00:23:56.287 [restartedMain] INFO  o.s.b.d.e.DevToolsPropertyDefaultsPostProcessor - For additional web related logging consider setting the 'logging.level.web' property to 'DEBUG'
00:23:57.700 [restartedMain] INFO  o.s.cloud.context.scope.GenericScope - BeanFactory id=3c8deffe-9cc2-3611-b9a0-a889a3ca72bc
00:23:57.759 [restartedMain] WARN  o.s.c.s.PostProcessorRegistrationDelegate$BeanPostProcessorChecker - Bean 'org.springframework.cloud.client.loadbalancer.LoadBalancerAutoConfiguration$DeferringLoadBalancerInterceptorConfig' of type [org.springframework.cloud.client.loadbalancer.LoadBalancerAutoConfiguration$DeferringLoadBalancerInterceptorConfig] is not eligible for getting processed by all BeanPostProcessors (for example: not eligible for auto-proxying). The currently created BeanPostProcessor [lbRestClientPostProcessor] is declared through a non-static factory method on that class; consider declaring it as static instead.
00:23:57.761 [restartedMain] WARN  o.s.c.s.PostProcessorRegistrationDelegate$BeanPostProcessorChecker - Bean 'deferringLoadBalancerInterceptor' of type [org.springframework.cloud.client.loadbalancer.DeferringLoadBalancerInterceptor] is not eligible for getting processed by all BeanPostProcessors (for example: not eligible for auto-proxying). Is this bean getting eagerly injected into a currently created BeanPostProcessor [lbRestClientPostProcessor]? Check the corresponding BeanPostProcessor declaration and its dependencies.
00:23:58.253 [restartedMain] INFO  o.s.b.w.e.tomcat.TomcatWebServer - Tomcat initialized with port 8761 (http)
00:23:58.266 [restartedMain] INFO  o.a.coyote.http11.Http11NioProtocol - Initializing ProtocolHandler ["http-nio-8761"]
00:23:58.268 [restartedMain] INFO  o.a.catalina.core.StandardService - Starting service [Tomcat]
00:23:58.269 [restartedMain] INFO  o.a.catalina.core.StandardEngine - Starting Servlet engine: [Apache Tomcat/10.1.20]
00:23:58.362 [restartedMain] INFO  o.a.c.c.C.[Tomcat].[localhost].[/] - Initializing Spring embedded WebApplicationContext
00:23:58.363 [restartedMain] INFO  o.s.b.w.s.c.ServletWebServerApplicationContext - Root WebApplicationContext: initialization completed in 2075 ms
00:23:59.552 [restartedMain] INFO  c.n.d.p.DiscoveryJerseyProvider - Using JSON encoding codec LegacyJacksonJson
00:23:59.554 [restartedMain] INFO  c.n.d.p.DiscoveryJerseyProvider - Using JSON decoding codec LegacyJacksonJson
00:23:59.788 [restartedMain] INFO  c.n.d.p.DiscoveryJerseyProvider - Using XML encoding codec XStreamXml
00:23:59.789 [restartedMain] INFO  c.n.d.p.DiscoveryJerseyProvider - Using XML decoding codec XStreamXml
00:24:00.870 [restartedMain] INFO  o.s.b.d.a.OptionalLiveReloadServer - LiveReload server is running on port 35729
00:24:01.032 [restartedMain] WARN  o.s.c.l.c.LoadBalancerCacheAutoConfiguration$LoadBalancerCaffeineWarnLogger - Spring Cloud LoadBalancer is currently working with the default cache. While this cache implementation is useful for development and tests, it's recommended to use Caffeine cache in production.You can switch to using Caffeine cache, by adding it and org.springframework.cache.caffeine.CaffeineCacheManager to the classpath.
00:24:01.055 [restartedMain] INFO  o.s.c.n.eureka.InstanceInfoFactory - Setting initial instance status as: STARTING
00:24:01.085 [restartedMain] INFO  c.netflix.discovery.DiscoveryClient - Initializing Eureka in region us-east-1
00:24:01.086 [restartedMain] INFO  c.netflix.discovery.DiscoveryClient - Client configured to neither register nor query for data.
00:24:01.096 [restartedMain] INFO  c.netflix.discovery.DiscoveryClient - Discovery Client initialized at timestamp 1715108041095 with initial instances count: 0
00:24:01.140 [restartedMain] INFO  c.n.e.DefaultEurekaServerContext - Initializing ...
00:24:01.142 [restartedMain] INFO  c.n.eureka.cluster.PeerEurekaNodes - Adding new peer nodes [http://localhost:8761/eureka/]
00:24:01.260 [restartedMain] INFO  c.n.d.p.DiscoveryJerseyProvider - Using JSON encoding codec LegacyJacksonJson
00:24:01.261 [restartedMain] INFO  c.n.d.p.DiscoveryJerseyProvider - Using JSON decoding codec LegacyJacksonJson
00:24:01.261 [restartedMain] INFO  c.n.d.p.DiscoveryJerseyProvider - Using XML encoding codec XStreamXml
00:24:01.261 [restartedMain] INFO  c.n.d.p.DiscoveryJerseyProvider - Using XML decoding codec XStreamXml
00:24:01.310 [restartedMain] INFO  c.n.eureka.cluster.PeerEurekaNodes - Replica node URL:  http://localhost:8761/eureka/
00:24:01.318 [restartedMain] INFO  c.n.e.r.AbstractInstanceRegistry - Finished initializing remote region registries. All known remote regions: []
00:24:01.319 [restartedMain] INFO  c.n.e.DefaultEurekaServerContext - Initialized
00:24:01.327 [restartedMain] INFO  o.s.b.a.e.web.EndpointLinksResolver - Exposing 1 endpoint(s) beneath base path '/actuator'
00:24:01.389 [restartedMain] INFO  o.s.c.n.e.s.EurekaServiceRegistry - Registering application COM.FLIGHTMANAGEMENTSYSTEM.EUREKA with eureka with status UP
00:24:01.391 [restartedMain] INFO  o.a.coyote.http11.Http11NioProtocol - Starting ProtocolHandler ["http-nio-8761"]
00:24:01.401 [Thread-15] INFO  o.s.c.n.e.s.EurekaServerBootstrap - isAws returned false
00:24:01.401 [Thread-15] INFO  o.s.c.n.e.s.EurekaServerBootstrap - Initialized server context
00:24:01.401 [Thread-15] INFO  c.n.e.r.PeerAwareInstanceRegistryImpl - Got 1 instances from neighboring DS node
00:24:01.402 [Thread-15] INFO  c.n.e.r.PeerAwareInstanceRegistryImpl - Renew threshold is: 1
00:24:01.402 [Thread-15] INFO  c.n.e.r.PeerAwareInstanceRegistryImpl - Changing status to UP
00:24:01.409 [Thread-15] INFO  o.s.c.n.e.s.EurekaServerInitializerConfiguration - Started Eureka Server
00:24:01.422 [restartedMain] INFO  o.s.b.w.e.tomcat.TomcatWebServer - Tomcat started on port 8761 (http) with context path ''
00:24:01.423 [restartedMain] INFO  o.s.c.n.e.s.EurekaAutoServiceRegistration - Updating port to 8761
00:24:01.555 [restartedMain] INFO  com.FMS.Application - Started Application in 6.051 seconds (process running for 7.83)
00:24:02.474 [RMI TCP Connection(3)-127.0.0.1] INFO  o.a.c.c.C.[Tomcat].[localhost].[/] - Initializing Spring DispatcherServlet 'dispatcherServlet'
00:24:02.475 [RMI TCP Connection(3)-127.0.0.1] INFO  o.s.web.servlet.DispatcherServlet - Initializing Servlet 'dispatcherServlet'
00:24:02.476 [RMI TCP Connection(3)-127.0.0.1] INFO  o.s.web.servlet.DispatcherServlet - Completed initialization in 1 ms
00:24:09.431 [http-nio-8761-exec-2] INFO  c.n.e.r.AbstractInstanceRegistry - Registered instance COM.FLIGHTMANAGEMENTSYSTEM.APIGATEWAY/LIN-5CG2093V3P.corp.capgemini.com:com.FlightManagementSystem.APIGateway:8888 with status UP (replication=false)
00:24:10.085 [http-nio-8761-exec-3] INFO  c.n.e.r.AbstractInstanceRegistry - Registered instance COM.FLIGHTMANAGEMENTSYSTEM.APIGATEWAY/LIN-5CG2093V3P.corp.capgemini.com:com.FlightManagementSystem.APIGateway:8888 with status UP (replication=true)
00:24:28.866 [http-nio-8761-exec-5] INFO  c.n.e.r.AbstractInstanceRegistry - Registered instance COM.FLIGHTMANAGEMENTSYSTEM.AUTH-SERVICE/LIN-5CG2093V3P.corp.capgemini.com:com.FlightManagementSystem.Auth-Service:8889 with status UP (replication=false)
00:24:29.375 [http-nio-8761-exec-6] INFO  c.n.e.r.AbstractInstanceRegistry - Registered instance COM.FLIGHTMANAGEMENTSYSTEM.AUTH-SERVICE/LIN-5CG2093V3P.corp.capgemini.com:com.FlightManagementSystem.Auth-Service:8889 with status UP (replication=true)
00:24:42.935 [http-nio-8761-exec-3] INFO  c.n.e.r.AbstractInstanceRegistry - Registered instance COM.FLIGHTMANAGEMENTSYSTEM.FLIGHTDETAILS/LIN-5CG2093V3P.corp.capgemini.com:com.FlightManagementSystem.FlightDetails:8081 with status UP (replication=false)
00:24:43.444 [http-nio-8761-exec-4] INFO  c.n.e.r.AbstractInstanceRegistry - Registered instance COM.FLIGHTMANAGEMENTSYSTEM.FLIGHTDETAILS/LIN-5CG2093V3P.corp.capgemini.com:com.FlightManagementSystem.FlightDetails:8081 with status UP (replication=true)
00:25:01.405 [Eureka-EvictionTimer] INFO  c.n.e.r.AbstractInstanceRegistry - Running the evict task with compensationTime 0ms
00:26:01.406 [Eureka-EvictionTimer] INFO  c.n.e.r.AbstractInstanceRegistry - Running the evict task with compensationTime 4ms
00:26:31.760 [http-nio-8761-exec-4] INFO  c.n.e.r.AbstractInstanceRegistry - Registered instance COM.FLIGHTMANAGEMENTSYSTEM.APIGATEWAY/LIN-5CG2093V3P.corp.capgemini.com:com.FlightManagementSystem.APIGateway:8888 with status DOWN (replication=false)
00:26:32.271 [http-nio-8761-exec-5] INFO  c.n.e.r.AbstractInstanceRegistry - Registered instance COM.FLIGHTMANAGEMENTSYSTEM.APIGATEWAY/LIN-5CG2093V3P.corp.capgemini.com:com.FlightManagementSystem.APIGateway:8888 with status DOWN (replication=true)
00:26:33.426 [http-nio-8761-exec-7] INFO  c.n.e.r.AbstractInstanceRegistry - Registered instance COM.FLIGHTMANAGEMENTSYSTEM.APIGATEWAY/LIN-5CG2093V3P.corp.capgemini.com:com.FlightManagementSystem.APIGateway:8888 with status UP (replication=false)
00:26:33.940 [http-nio-8761-exec-8] INFO  c.n.e.r.AbstractInstanceRegistry - Registered instance COM.FLIGHTMANAGEMENTSYSTEM.APIGATEWAY/LIN-5CG2093V3P.corp.capgemini.com:com.FlightManagementSystem.APIGateway:8888 with status UP (replication=true)
00:27:01.406 [Eureka-EvictionTimer] INFO  c.n.e.r.AbstractInstanceRegistry - Running the evict task with compensationTime 0ms
00:28:01.406 [Eureka-EvictionTimer] INFO  c.n.e.r.AbstractInstanceRegistry - Running the evict task with compensationTime 0ms
00:28:17.069 [http-nio-8761-exec-10] INFO  c.n.e.r.AbstractInstanceRegistry - Registered instance COM.FLIGHTMANAGEMENTSYSTEM.APIGATEWAY/LIN-5CG2093V3P.corp.capgemini.com:com.FlightManagementSystem.APIGateway:8888 with status DOWN (replication=false)
00:28:17.582 [http-nio-8761-exec-3] INFO  c.n.e.r.AbstractInstanceRegistry - Registered instance COM.FLIGHTMANAGEMENTSYSTEM.APIGATEWAY/LIN-5CG2093V3P.corp.capgemini.com:com.FlightManagementSystem.APIGateway:8888 with status DOWN (replication=true)
00:28:18.852 [http-nio-8761-exec-9] INFO  c.n.e.r.AbstractInstanceRegistry - Registered instance COM.FLIGHTMANAGEMENTSYSTEM.APIGATEWAY/LIN-5CG2093V3P.corp.capgemini.com:com.FlightManagementSystem.APIGateway:8888 with status UP (replication=false)
00:28:19.360 [http-nio-8761-exec-6] INFO  c.n.e.r.AbstractInstanceRegistry - Registered instance COM.FLIGHTMANAGEMENTSYSTEM.APIGATEWAY/LIN-5CG2093V3P.corp.capgemini.com:com.FlightManagementSystem.APIGateway:8888 with status UP (replication=true)
00:29:01.407 [Eureka-EvictionTimer] INFO  c.n.e.r.AbstractInstanceRegistry - Running the evict task with compensationTime 0ms
00:30:01.407 [Eureka-EvictionTimer] INFO  c.n.e.r.AbstractInstanceRegistry - Running the evict task with compensationTime 0ms
00:31:01.408 [Eureka-EvictionTimer] INFO  c.n.e.r.AbstractInstanceRegistry - Running the evict task with compensationTime 0ms
00:32:01.408 [Eureka-EvictionTimer] INFO  c.n.e.r.AbstractInstanceRegistry - Running the evict task with compensationTime 0ms
00:32:29.182 [http-nio-8761-exec-10] INFO  c.n.e.r.AbstractInstanceRegistry - Registered instance COM.FLIGHTMANAGEMENTSYSTEM.APIGATEWAY/LIN-5CG2093V3P.corp.capgemini.com:com.FlightManagementSystem.APIGateway:8888 with status DOWN (replication=false)
00:32:29.692 [http-nio-8761-exec-5] INFO  c.n.e.r.AbstractInstanceRegistry - Registered instance COM.FLIGHTMANAGEMENTSYSTEM.APIGATEWAY/LIN-5CG2093V3P.corp.capgemini.com:com.FlightManagementSystem.APIGateway:8888 with status DOWN (replication=true)
00:33:01.408 [Eureka-EvictionTimer] INFO  c.n.e.r.AbstractInstanceRegistry - Running the evict task with compensationTime 0ms
00:34:01.409 [Eureka-EvictionTimer] INFO  c.n.e.r.AbstractInstanceRegistry - Running the evict task with compensationTime 0ms
00:34:01.409 [Eureka-EvictionTimer] INFO  c.n.e.r.AbstractInstanceRegistry - Evicting 1 items (expired=1, evictionLimit=1)
00:34:01.410 [Eureka-EvictionTimer] WARN  c.n.e.r.AbstractInstanceRegistry - DS: Registry: expired lease for COM.FLIGHTMANAGEMENTSYSTEM.APIGATEWAY/LIN-5CG2093V3P.corp.capgemini.com:com.FlightManagementSystem.APIGateway:8888
00:34:01.411 [Eureka-EvictionTimer] INFO  c.n.e.r.AbstractInstanceRegistry - Cancelled instance COM.FLIGHTMANAGEMENTSYSTEM.APIGATEWAY/LIN-5CG2093V3P.corp.capgemini.com:com.FlightManagementSystem.APIGateway:8888 (replication=false)
00:34:22.841 [http-nio-8761-exec-2] INFO  c.n.e.r.AbstractInstanceRegistry - Registered instance COM.FLIGHTMANAGEMENTSYSTEM.APIGATEWAY/LIN-5CG2093V3P.corp.capgemini.com:com.FlightManagementSystem.APIGateway:8888 with status UP (replication=false)
00:34:23.355 [http-nio-8761-exec-1] INFO  c.n.e.r.AbstractInstanceRegistry - Registered instance COM.FLIGHTMANAGEMENTSYSTEM.APIGATEWAY/LIN-5CG2093V3P.corp.capgemini.com:com.FlightManagementSystem.APIGateway:8888 with status UP (replication=true)
00:35:01.409 [Eureka-EvictionTimer] INFO  c.n.e.r.AbstractInstanceRegistry - Running the evict task with compensationTime 0ms
00:35:08.967 [http-nio-8761-exec-9] INFO  c.n.e.r.AbstractInstanceRegistry - Registered instance COM.FLIGHTMANAGEMENTSYSTEM.APIGATEWAY/LIN-5CG2093V3P.corp.capgemini.com:com.FlightManagementSystem.APIGateway:8888 with status DOWN (replication=false)
00:35:09.487 [http-nio-8761-exec-7] INFO  c.n.e.r.AbstractInstanceRegistry - Registered instance COM.FLIGHTMANAGEMENTSYSTEM.APIGATEWAY/LIN-5CG2093V3P.corp.capgemini.com:com.FlightManagementSystem.APIGateway:8888 with status DOWN (replication=true)
00:35:10.027 [http-nio-8761-exec-2] INFO  c.n.e.r.AbstractInstanceRegistry - Registered instance COM.FLIGHTMANAGEMENTSYSTEM.APIGATEWAY/LIN-5CG2093V3P.corp.capgemini.com:com.FlightManagementSystem.APIGateway:8888 with status UP (replication=false)
00:35:10.531 [http-nio-8761-exec-1] INFO  c.n.e.r.AbstractInstanceRegistry - Registered instance COM.FLIGHTMANAGEMENTSYSTEM.APIGATEWAY/LIN-5CG2093V3P.corp.capgemini.com:com.FlightManagementSystem.APIGateway:8888 with status UP (replication=true)
00:35:39.616 [http-nio-8761-exec-2] INFO  c.n.e.r.AbstractInstanceRegistry - Registered instance COM.FLIGHTMANAGEMENTSYSTEM.APIGATEWAY/LIN-5CG2093V3P.corp.capgemini.com:com.FlightManagementSystem.APIGateway:8888 with status UP (replication=false)
00:35:40.125 [http-nio-8761-exec-1] INFO  c.n.e.r.AbstractInstanceRegistry - Registered instance COM.FLIGHTMANAGEMENTSYSTEM.APIGATEWAY/LIN-5CG2093V3P.corp.capgemini.com:com.FlightManagementSystem.APIGateway:8888 with status UP (replication=true)
00:36:01.414 [Eureka-EvictionTimer] INFO  c.n.e.r.AbstractInstanceRegistry - Running the evict task with compensationTime 4ms
00:37:01.414 [Eureka-EvictionTimer] INFO  c.n.e.r.AbstractInstanceRegistry - Running the evict task with compensationTime 0ms
00:38:01.421 [Eureka-EvictionTimer] INFO  c.n.e.r.AbstractInstanceRegistry - Running the evict task with compensationTime 7ms
00:39:01.319 [ReplicaAwareInstanceRegistry - RenewalThresholdUpdater] INFO  c.n.e.r.PeerAwareInstanceRegistryImpl - Current renewal threshold is : 0
00:39:01.421 [Eureka-EvictionTimer] INFO  c.n.e.r.AbstractInstanceRegistry - Running the evict task with compensationTime 0ms
00:40:01.421 [Eureka-EvictionTimer] INFO  c.n.e.r.AbstractInstanceRegistry - Running the evict task with compensationTime 0ms
00:41:01.421 [Eureka-EvictionTimer] INFO  c.n.e.r.AbstractInstanceRegistry - Running the evict task with compensationTime 0ms
00:42:01.421 [Eureka-EvictionTimer] INFO  c.n.e.r.AbstractInstanceRegistry - Running the evict task with compensationTime 0ms
00:43:01.422 [Eureka-EvictionTimer] INFO  c.n.e.r.AbstractInstanceRegistry - Running the evict task with compensationTime 0ms
00:44:01.422 [Eureka-EvictionTimer] INFO  c.n.e.r.AbstractInstanceRegistry - Running the evict task with compensationTime 0ms
00:45:01.423 [Eureka-EvictionTimer] INFO  c.n.e.r.AbstractInstanceRegistry - Running the evict task with compensationTime 0ms
00:46:01.424 [Eureka-EvictionTimer] INFO  c.n.e.r.AbstractInstanceRegistry - Running the evict task with compensationTime 1ms
00:47:01.425 [Eureka-EvictionTimer] INFO  c.n.e.r.AbstractInstanceRegistry - Running the evict task with compensationTime 0ms
00:48:01.425 [Eureka-EvictionTimer] INFO  c.n.e.r.AbstractInstanceRegistry - Running the evict task with compensationTime 0ms
00:49:01.426 [Eureka-EvictionTimer] INFO  c.n.e.r.AbstractInstanceRegistry - Running the evict task with compensationTime 0ms
00:49:31.005 [http-nio-8761-exec-1] INFO  c.n.e.r.AbstractInstanceRegistry - Registered instance COM.FLIGHTMANAGEMENTSYSTEM.APIGATEWAY/LIN-5CG2093V3P.corp.capgemini.com:com.FlightManagementSystem.APIGateway:8888 with status DOWN (replication=false)
00:49:31.514 [http-nio-8761-exec-6] INFO  c.n.e.r.AbstractInstanceRegistry - Registered instance COM.FLIGHTMANAGEMENTSYSTEM.APIGATEWAY/LIN-5CG2093V3P.corp.capgemini.com:com.FlightManagementSystem.APIGateway:8888 with status DOWN (replication=true)
00:49:32.149 [http-nio-8761-exec-3] INFO  c.n.e.r.AbstractInstanceRegistry - Registered instance COM.FLIGHTMANAGEMENTSYSTEM.APIGATEWAY/LIN-5CG2093V3P.corp.capgemini.com:com.FlightManagementSystem.APIGateway:8888 with status UP (replication=false)
00:49:32.655 [http-nio-8761-exec-4] INFO  c.n.e.r.AbstractInstanceRegistry - Registered instance COM.FLIGHTMANAGEMENTSYSTEM.APIGATEWAY/LIN-5CG2093V3P.corp.capgemini.com:com.FlightManagementSystem.APIGateway:8888 with status UP (replication=true)
00:50:01.426 [Eureka-EvictionTimer] INFO  c.n.e.r.AbstractInstanceRegistry - Running the evict task with compensationTime 0ms
00:51:01.426 [Eureka-EvictionTimer] INFO  c.n.e.r.AbstractInstanceRegistry - Running the evict task with compensationTime 0ms
00:51:23.558 [http-nio-8761-exec-5] INFO  c.n.e.r.AbstractInstanceRegistry - Registered instance COM.FLIGHTMANAGEMENTSYSTEM.APIGATEWAY/LIN-5CG2093V3P.corp.capgemini.com:com.FlightManagementSystem.APIGateway:8888 with status DOWN (replication=false)
00:51:24.069 [http-nio-8761-exec-8] INFO  c.n.e.r.AbstractInstanceRegistry - Registered instance COM.FLIGHTMANAGEMENTSYSTEM.APIGATEWAY/LIN-5CG2093V3P.corp.capgemini.com:com.FlightManagementSystem.APIGateway:8888 with status DOWN (replication=true)
00:52:01.426 [Eureka-EvictionTimer] INFO  c.n.e.r.AbstractInstanceRegistry - Running the evict task with compensationTime 0ms
00:52:37.340 [http-nio-8761-exec-5] INFO  c.n.e.r.AbstractInstanceRegistry - Registered instance COM.FLIGHTMANAGEMENTSYSTEM.APIGATEWAY/LIN-5CG2093V3P.corp.capgemini.com:com.FlightManagementSystem.APIGateway:8888 with status UP (replication=false)
00:52:37.852 [http-nio-8761-exec-7] INFO  c.n.e.r.AbstractInstanceRegistry - Registered instance COM.FLIGHTMANAGEMENTSYSTEM.APIGATEWAY/LIN-5CG2093V3P.corp.capgemini.com:com.FlightManagementSystem.APIGateway:8888 with status UP (replication=true)
00:52:44.469 [http-nio-8761-exec-4] INFO  c.n.e.r.AbstractInstanceRegistry - Registered instance COM.FLIGHTMANAGEMENTSYSTEM.APIGATEWAY/LIN-5CG2093V3P.corp.capgemini.com:com.FlightManagementSystem.APIGateway:8888 with status UP (replication=false)
00:52:44.885 [http-nio-8761-exec-2] INFO  c.n.e.r.AbstractInstanceRegistry - Registered instance COM.FLIGHTMANAGEMENTSYSTEM.APIGATEWAY/LIN-5CG2093V3P.corp.capgemini.com:com.FlightManagementSystem.APIGateway:8888 with status UP (replication=true)
00:53:01.426 [Eureka-EvictionTimer] INFO  c.n.e.r.AbstractInstanceRegistry - Running the evict task with compensationTime 0ms
00:53:20.765 [http-nio-8761-exec-4] INFO  c.n.e.r.AbstractInstanceRegistry - Registered instance COM.FLIGHTMANAGEMENTSYSTEM.APIGATEWAY/LIN-5CG2093V3P.corp.capgemini.com:com.FlightManagementSystem.APIGateway:8888 with status DOWN (replication=false)
00:53:21.272 [http-nio-8761-exec-10] INFO  c.n.e.r.AbstractInstanceRegistry - Registered instance COM.FLIGHTMANAGEMENTSYSTEM.APIGATEWAY/LIN-5CG2093V3P.corp.capgemini.com:com.FlightManagementSystem.APIGateway:8888 with status DOWN (replication=true)
00:53:24.817 [http-nio-8761-exec-7] INFO  c.n.e.r.AbstractInstanceRegistry - Registered instance COM.FLIGHTMANAGEMENTSYSTEM.APIGATEWAY/LIN-5CG2093V3P.corp.capgemini.com:com.FlightManagementSystem.APIGateway:8888 with status UP (replication=false)
00:53:25.326 [http-nio-8761-exec-8] INFO  c.n.e.r.AbstractInstanceRegistry - Registered instance COM.FLIGHTMANAGEMENTSYSTEM.APIGATEWAY/LIN-5CG2093V3P.corp.capgemini.com:com.FlightManagementSystem.APIGateway:8888 with status UP (replication=true)
00:54:01.318 [ReplicaAwareInstanceRegistry - RenewalThresholdUpdater] INFO  c.n.e.r.PeerAwareInstanceRegistryImpl - Current renewal threshold is : 0
00:54:01.426 [Eureka-EvictionTimer] INFO  c.n.e.r.AbstractInstanceRegistry - Running the evict task with compensationTime 0ms
00:54:18.062 [http-nio-8761-exec-5] INFO  c.n.e.r.AbstractInstanceRegistry - Registered instance COM.FLIGHTMANAGEMENTSYSTEM.APIGATEWAY/LIN-5CG2093V3P.corp.capgemini.com:com.FlightManagementSystem.APIGateway:8888 with status DOWN (replication=false)
00:54:18.585 [http-nio-8761-exec-1] INFO  c.n.e.r.AbstractInstanceRegistry - Registered instance COM.FLIGHTMANAGEMENTSYSTEM.APIGATEWAY/LIN-5CG2093V3P.corp.capgemini.com:com.FlightManagementSystem.APIGateway:8888 with status DOWN (replication=true)
00:55:01.430 [Eureka-EvictionTimer] INFO  c.n.e.r.AbstractInstanceRegistry - Running the evict task with compensationTime 3ms
00:55:01.854 [http-nio-8761-exec-6] INFO  c.n.e.r.AbstractInstanceRegistry - Registered instance COM.FLIGHTMANAGEMENTSYSTEM.APIGATEWAY/LIN-5CG2093V3P.corp.capgemini.com:com.FlightManagementSystem.APIGateway:8888 with status UP (replication=false)
00:55:02.359 [http-nio-8761-exec-8] INFO  c.n.e.r.AbstractInstanceRegistry - Registered instance COM.FLIGHTMANAGEMENTSYSTEM.APIGATEWAY/LIN-5CG2093V3P.corp.capgemini.com:com.FlightManagementSystem.APIGateway:8888 with status UP (replication=true)
00:56:01.430 [Eureka-EvictionTimer] INFO  c.n.e.r.AbstractInstanceRegistry - Running the evict task with compensationTime 1ms
00:56:09.323 [http-nio-8761-exec-3] INFO  c.n.e.r.AbstractInstanceRegistry - Registered instance COM.FLIGHTMANAGEMENTSYSTEM.APIGATEWAY/LIN-5CG2093V3P.corp.capgemini.com:com.FlightManagementSystem.APIGateway:8888 with status DOWN (replication=false)
00:56:09.845 [http-nio-8761-exec-9] INFO  c.n.e.r.AbstractInstanceRegistry - Registered instance COM.FLIGHTMANAGEMENTSYSTEM.APIGATEWAY/LIN-5CG2093V3P.corp.capgemini.com:com.FlightManagementSystem.APIGateway:8888 with status DOWN (replication=true)
00:56:12.916 [http-nio-8761-exec-10] INFO  c.n.e.r.AbstractInstanceRegistry - Registered instance COM.FLIGHTMANAGEMENTSYSTEM.APIGATEWAY/LIN-5CG2093V3P.corp.capgemini.com:com.FlightManagementSystem.APIGateway:8888 with status UP (replication=false)
00:56:13.440 [http-nio-8761-exec-5] INFO  c.n.e.r.AbstractInstanceRegistry - Registered instance COM.FLIGHTMANAGEMENTSYSTEM.APIGATEWAY/LIN-5CG2093V3P.corp.capgemini.com:com.FlightManagementSystem.APIGateway:8888 with status UP (replication=true)
00:56:57.022 [http-nio-8761-exec-3] INFO  c.n.e.r.AbstractInstanceRegistry - Registered instance COM.FLIGHTMANAGEMENTSYSTEM.APIGATEWAY/LIN-5CG2093V3P.corp.capgemini.com:com.FlightManagementSystem.APIGateway:8888 with status DOWN (replication=false)
00:56:57.542 [http-nio-8761-exec-9] INFO  c.n.e.r.AbstractInstanceRegistry - Registered instance COM.FLIGHTMANAGEMENTSYSTEM.APIGATEWAY/LIN-5CG2093V3P.corp.capgemini.com:com.FlightManagementSystem.APIGateway:8888 with status DOWN (replication=true)
00:56:57.787 [http-nio-8761-exec-10] INFO  c.n.e.r.AbstractInstanceRegistry - Registered instance COM.FLIGHTMANAGEMENTSYSTEM.APIGATEWAY/LIN-5CG2093V3P.corp.capgemini.com:com.FlightManagementSystem.APIGateway:8888 with status UP (replication=false)
00:56:58.290 [http-nio-8761-exec-5] INFO  c.n.e.r.AbstractInstanceRegistry - Registered instance COM.FLIGHTMANAGEMENTSYSTEM.APIGATEWAY/LIN-5CG2093V3P.corp.capgemini.com:com.FlightManagementSystem.APIGateway:8888 with status UP (replication=true)
00:57:01.430 [Eureka-EvictionTimer] INFO  c.n.e.r.AbstractInstanceRegistry - Running the evict task with compensationTime 2ms
00:58:01.430 [Eureka-EvictionTimer] INFO  c.n.e.r.AbstractInstanceRegistry - Running the evict task with compensationTime 1ms
00:59:01.438 [Eureka-EvictionTimer] INFO  c.n.e.r.AbstractInstanceRegistry - Running the evict task with compensationTime 10ms
00:59:09.638 [http-nio-8761-exec-8] INFO  c.n.e.r.AbstractInstanceRegistry - Registered instance COM.FLIGHTMANAGEMENTSYSTEM.APIGATEWAY/LIN-5CG2093V3P.corp.capgemini.com:com.FlightManagementSystem.APIGateway:8888 with status DOWN (replication=false)
00:59:10.156 [http-nio-8761-exec-3] INFO  c.n.e.r.AbstractInstanceRegistry - Registered instance COM.FLIGHTMANAGEMENTSYSTEM.APIGATEWAY/LIN-5CG2093V3P.corp.capgemini.com:com.FlightManagementSystem.APIGateway:8888 with status DOWN (replication=true)
01:00:01.439 [Eureka-EvictionTimer] INFO  c.n.e.r.AbstractInstanceRegistry - Running the evict task with compensationTime 3ms
01:01:00.313 [http-nio-8761-exec-5] INFO  c.n.e.r.AbstractInstanceRegistry - Registered instance COM.FLIGHTMANAGEMENTSYSTEM.APIGATEWAY/LIN-5CG2093V3P.corp.capgemini.com:com.FlightManagementSystem.APIGateway:8888 with status UP (replication=false)
01:01:00.835 [http-nio-8761-exec-7] INFO  c.n.e.r.AbstractInstanceRegistry - Registered instance COM.FLIGHTMANAGEMENTSYSTEM.APIGATEWAY/LIN-5CG2093V3P.corp.capgemini.com:com.FlightManagementSystem.APIGateway:8888 with status UP (replication=true)
01:01:01.440 [Eureka-EvictionTimer] INFO  c.n.e.r.AbstractInstanceRegistry - Running the evict task with compensationTime 1ms
01:02:01.444 [Eureka-EvictionTimer] INFO  c.n.e.r.AbstractInstanceRegistry - Running the evict task with compensationTime 4ms
01:03:01.444 [Eureka-EvictionTimer] INFO  c.n.e.r.AbstractInstanceRegistry - Running the evict task with compensationTime 1ms
01:03:02.134 [http-nio-8761-exec-6] INFO  c.n.e.r.AbstractInstanceRegistry - Registered instance COM.FLIGHTMANAGEMENTSYSTEM.APIGATEWAY/LIN-5CG2093V3P.corp.capgemini.com:com.FlightManagementSystem.APIGateway:8888 with status DOWN (replication=false)
01:03:02.637 [http-nio-8761-exec-2] INFO  c.n.e.r.AbstractInstanceRegistry - Registered instance COM.FLIGHTMANAGEMENTSYSTEM.APIGATEWAY/LIN-5CG2093V3P.corp.capgemini.com:com.FlightManagementSystem.APIGateway:8888 with status DOWN (replication=true)
01:03:02.868 [http-nio-8761-exec-9] INFO  c.n.e.r.AbstractInstanceRegistry - Registered instance COM.FLIGHTMANAGEMENTSYSTEM.APIGATEWAY/LIN-5CG2093V3P.corp.capgemini.com:com.FlightManagementSystem.APIGateway:8888 with status UP (replication=false)
01:03:03.371 [http-nio-8761-exec-4] INFO  c.n.e.r.AbstractInstanceRegistry - Registered instance COM.FLIGHTMANAGEMENTSYSTEM.APIGATEWAY/LIN-5CG2093V3P.corp.capgemini.com:com.FlightManagementSystem.APIGateway:8888 with status UP (replication=true)
01:04:01.444 [Eureka-EvictionTimer] INFO  c.n.e.r.AbstractInstanceRegistry - Running the evict task with compensationTime 0ms
01:04:22.707 [http-nio-8761-exec-1] INFO  c.n.e.r.AbstractInstanceRegistry - Registered instance COM.FLIGHTMANAGEMENTSYSTEM.APIGATEWAY/LIN-5CG2093V3P.corp.capgemini.com:com.FlightManagementSystem.APIGateway:8888 with status DOWN (replication=false)
01:04:23.235 [http-nio-8761-exec-2] INFO  c.n.e.r.AbstractInstanceRegistry - Registered instance COM.FLIGHTMANAGEMENTSYSTEM.APIGATEWAY/LIN-5CG2093V3P.corp.capgemini.com:com.FlightManagementSystem.APIGateway:8888 with status DOWN (replication=true)
01:04:51.671 [http-nio-8761-exec-3] INFO  c.n.e.r.AbstractInstanceRegistry - Registered instance COM.FLIGHTMANAGEMENTSYSTEM.APIGATEWAY/LIN-5CG2093V3P.corp.capgemini.com:com.FlightManagementSystem.APIGateway:8888 with status UP (replication=false)
01:04:52.197 [http-nio-8761-exec-2] INFO  c.n.e.r.AbstractInstanceRegistry - Registered instance COM.FLIGHTMANAGEMENTSYSTEM.APIGATEWAY/LIN-5CG2093V3P.corp.capgemini.com:com.FlightManagementSystem.APIGateway:8888 with status UP (replication=true)
01:05:01.444 [Eureka-EvictionTimer] INFO  c.n.e.r.AbstractInstanceRegistry - Running the evict task with compensationTime 1ms
01:05:38.943 [http-nio-8761-exec-10] INFO  c.n.e.r.AbstractInstanceRegistry - Registered instance COM.FLIGHTMANAGEMENTSYSTEM.APIGATEWAY/LIN-5CG2093V3P.corp.capgemini.com:com.FlightManagementSystem.APIGateway:8888 with status DOWN (replication=false)
01:05:39.453 [http-nio-8761-exec-7] INFO  c.n.e.r.AbstractInstanceRegistry - Registered instance COM.FLIGHTMANAGEMENTSYSTEM.APIGATEWAY/LIN-5CG2093V3P.corp.capgemini.com:com.FlightManagementSystem.APIGateway:8888 with status DOWN (replication=true)
01:05:39.605 [http-nio-8761-exec-3] INFO  c.n.e.r.AbstractInstanceRegistry - Registered instance COM.FLIGHTMANAGEMENTSYSTEM.APIGATEWAY/LIN-5CG2093V3P.corp.capgemini.com:com.FlightManagementSystem.APIGateway:8888 with status UP (replication=false)
01:05:40.114 [http-nio-8761-exec-2] INFO  c.n.e.r.AbstractInstanceRegistry - Registered instance COM.FLIGHTMANAGEMENTSYSTEM.APIGATEWAY/LIN-5CG2093V3P.corp.capgemini.com:com.FlightManagementSystem.APIGateway:8888 with status UP (replication=true)
01:06:01.147 [http-nio-8761-exec-7] INFO  c.n.e.r.AbstractInstanceRegistry - Registered instance COM.FLIGHTMANAGEMENTSYSTEM.SEARCH/LIN-5CG2093V3P.corp.capgemini.com:com.FlightManagementSystem.Search:8082 with status UP (replication=false)
01:06:01.444 [Eureka-EvictionTimer] INFO  c.n.e.r.AbstractInstanceRegistry - Running the evict task with compensationTime 0ms
01:06:01.537 [http-nio-8761-exec-1] INFO  c.n.e.r.AbstractInstanceRegistry - Registered instance COM.FLIGHTMANAGEMENTSYSTEM.SEARCH/LIN-5CG2093V3P.corp.capgemini.com:com.FlightManagementSystem.Search:8082 with status UP (replication=true)
01:06:26.865 [http-nio-8761-exec-8] INFO  c.n.e.r.AbstractInstanceRegistry - Registered instance COM.FLIGHTMANAGEMENTSYSTEM.APIGATEWAY/LIN-5CG2093V3P.corp.capgemini.com:com.FlightManagementSystem.APIGateway:8888 with status DOWN (replication=false)
01:06:27.386 [http-nio-8761-exec-1] INFO  c.n.e.r.AbstractInstanceRegistry - Registered instance COM.FLIGHTMANAGEMENTSYSTEM.APIGATEWAY/LIN-5CG2093V3P.corp.capgemini.com:com.FlightManagementSystem.APIGateway:8888 with status DOWN (replication=true)
01:06:27.576 [http-nio-8761-exec-2] INFO  c.n.e.r.AbstractInstanceRegistry - Registered instance COM.FLIGHTMANAGEMENTSYSTEM.APIGATEWAY/LIN-5CG2093V3P.corp.capgemini.com:com.FlightManagementSystem.APIGateway:8888 with status UP (replication=false)
01:06:28.084 [http-nio-8761-exec-6] INFO  c.n.e.r.AbstractInstanceRegistry - Registered instance COM.FLIGHTMANAGEMENTSYSTEM.APIGATEWAY/LIN-5CG2093V3P.corp.capgemini.com:com.FlightManagementSystem.APIGateway:8888 with status UP (replication=true)
01:07:01.451 [Eureka-EvictionTimer] INFO  c.n.e.r.AbstractInstanceRegistry - Running the evict task with compensationTime 7ms
01:08:01.451 [Eureka-EvictionTimer] INFO  c.n.e.r.AbstractInstanceRegistry - Running the evict task with compensationTime 1ms
01:09:01.319 [ReplicaAwareInstanceRegistry - RenewalThresholdUpdater] INFO  c.n.e.r.PeerAwareInstanceRegistryImpl - Current renewal threshold is : 0
01:09:01.466 [Eureka-EvictionTimer] INFO  c.n.e.r.AbstractInstanceRegistry - Running the evict task with compensationTime 14ms
01:09:14.340 [http-nio-8761-exec-10] INFO  c.n.e.r.AbstractInstanceRegistry - Registered instance COM.FLIGHTMANAGEMENTSYSTEM.APIGATEWAY/LIN-5CG2093V3P.corp.capgemini.com:com.FlightManagementSystem.APIGateway:8888 with status DOWN (replication=false)
01:09:14.861 [http-nio-8761-exec-8] INFO  c.n.e.r.AbstractInstanceRegistry - Registered instance COM.FLIGHTMANAGEMENTSYSTEM.APIGATEWAY/LIN-5CG2093V3P.corp.capgemini.com:com.FlightManagementSystem.APIGateway:8888 with status DOWN (replication=true)
01:09:15.039 [http-nio-8761-exec-5] INFO  c.n.e.r.AbstractInstanceRegistry - Registered instance COM.FLIGHTMANAGEMENTSYSTEM.APIGATEWAY/LIN-5CG2093V3P.corp.capgemini.com:com.FlightManagementSystem.APIGateway:8888 with status UP (replication=false)
01:09:15.547 [http-nio-8761-exec-1] INFO  c.n.e.r.AbstractInstanceRegistry - Registered instance COM.FLIGHTMANAGEMENTSYSTEM.APIGATEWAY/LIN-5CG2093V3P.corp.capgemini.com:com.FlightManagementSystem.APIGateway:8888 with status UP (replication=true)
01:09:32.224 [http-nio-8761-exec-7] INFO  c.n.e.r.AbstractInstanceRegistry - Registered instance COM.FLIGHTMANAGEMENTSYSTEM.SEARCH/LIN-5CG2093V3P.corp.capgemini.com:com.FlightManagementSystem.Search:8082 with status DOWN (replication=false)
01:09:32.726 [http-nio-8761-exec-3] INFO  c.n.e.r.AbstractInstanceRegistry - Registered instance COM.FLIGHTMANAGEMENTSYSTEM.SEARCH/LIN-5CG2093V3P.corp.capgemini.com:com.FlightManagementSystem.Search:8082 with status DOWN (replication=true)
01:09:43.274 [http-nio-8761-exec-4] INFO  c.n.e.r.AbstractInstanceRegistry - Registered instance COM.FLIGHTMANAGEMENTSYSTEM.SEARCH/LIN-5CG2093V3P.corp.capgemini.com:com.FlightManagementSystem.Search:8082 with status UP (replication=false)
01:09:43.784 [http-nio-8761-exec-6] INFO  c.n.e.r.AbstractInstanceRegistry - Registered instance COM.FLIGHTMANAGEMENTSYSTEM.SEARCH/LIN-5CG2093V3P.corp.capgemini.com:com.FlightManagementSystem.Search:8082 with status UP (replication=true)
01:10:01.466 [Eureka-EvictionTimer] INFO  c.n.e.r.AbstractInstanceRegistry - Running the evict task with compensationTime 0ms
01:11:01.475 [Eureka-EvictionTimer] INFO  c.n.e.r.AbstractInstanceRegistry - Running the evict task with compensationTime 9ms
01:11:28.144 [http-nio-8761-exec-9] INFO  c.n.e.r.AbstractInstanceRegistry - Registered instance COM.FLIGHTMANAGEMENTSYSTEM.APIGATEWAY/LIN-5CG2093V3P.corp.capgemini.com:com.FlightManagementSystem.APIGateway:8888 with status DOWN (replication=false)
01:11:28.648 [http-nio-8761-exec-7] INFO  c.n.e.r.AbstractInstanceRegistry - Registered instance COM.FLIGHTMANAGEMENTSYSTEM.APIGATEWAY/LIN-5CG2093V3P.corp.capgemini.com:com.FlightManagementSystem.APIGateway:8888 with status DOWN (replication=true)
01:11:28.839 [http-nio-8761-exec-5] INFO  c.n.e.r.AbstractInstanceRegistry - Registered instance COM.FLIGHTMANAGEMENTSYSTEM.APIGATEWAY/LIN-5CG2093V3P.corp.capgemini.com:com.FlightManagementSystem.APIGateway:8888 with status UP (replication=false)
01:11:29.348 [http-nio-8761-exec-3] INFO  c.n.e.r.AbstractInstanceRegistry - Registered instance COM.FLIGHTMANAGEMENTSYSTEM.APIGATEWAY/LIN-5CG2093V3P.corp.capgemini.com:com.FlightManagementSystem.APIGateway:8888 with status UP (replication=true)
01:12:01.476 [Eureka-EvictionTimer] INFO  c.n.e.r.AbstractInstanceRegistry - Running the evict task with compensationTime 0ms
01:12:20.007 [http-nio-8761-exec-9] INFO  c.n.e.r.AbstractInstanceRegistry - Registered instance COM.FLIGHTMANAGEMENTSYSTEM.APIGATEWAY/LIN-5CG2093V3P.corp.capgemini.com:com.FlightManagementSystem.APIGateway:8888 with status DOWN (replication=false)
01:12:20.524 [http-nio-8761-exec-10] INFO  c.n.e.r.AbstractInstanceRegistry - Registered instance COM.FLIGHTMANAGEMENTSYSTEM.APIGATEWAY/LIN-5CG2093V3P.corp.capgemini.com:com.FlightManagementSystem.APIGateway:8888 with status DOWN (replication=true)
01:12:20.672 [http-nio-8761-exec-7] INFO  c.n.e.r.AbstractInstanceRegistry - Registered instance COM.FLIGHTMANAGEMENTSYSTEM.APIGATEWAY/LIN-5CG2093V3P.corp.capgemini.com:com.FlightManagementSystem.APIGateway:8888 with status UP (replication=false)
01:12:21.184 [http-nio-8761-exec-5] INFO  c.n.e.r.AbstractInstanceRegistry - Registered instance COM.FLIGHTMANAGEMENTSYSTEM.APIGATEWAY/LIN-5CG2093V3P.corp.capgemini.com:com.FlightManagementSystem.APIGateway:8888 with status UP (replication=true)
01:12:50.477 [http-nio-8761-exec-4] INFO  c.n.e.r.AbstractInstanceRegistry - Registered instance COM.FLIGHTMANAGEMENTSYSTEM.APIGATEWAY/LIN-5CG2093V3P.corp.capgemini.com:com.FlightManagementSystem.APIGateway:8888 with status DOWN (replication=false)
01:12:50.983 [http-nio-8761-exec-1] INFO  c.n.e.r.AbstractInstanceRegistry - Registered instance COM.FLIGHTMANAGEMENTSYSTEM.APIGATEWAY/LIN-5CG2093V3P.corp.capgemini.com:com.FlightManagementSystem.APIGateway:8888 with status DOWN (replication=true)
01:12:51.148 [http-nio-8761-exec-9] INFO  c.n.e.r.AbstractInstanceRegistry - Registered instance COM.FLIGHTMANAGEMENTSYSTEM.APIGATEWAY/LIN-5CG2093V3P.corp.capgemini.com:com.FlightManagementSystem.APIGateway:8888 with status UP (replication=false)
01:12:51.658 [http-nio-8761-exec-6] INFO  c.n.e.r.AbstractInstanceRegistry - Registered instance COM.FLIGHTMANAGEMENTSYSTEM.APIGATEWAY/LIN-5CG2093V3P.corp.capgemini.com:com.FlightManagementSystem.APIGateway:8888 with status UP (replication=true)
01:12:55.472 [http-nio-8761-exec-8] INFO  c.n.e.r.AbstractInstanceRegistry - Registered instance COM.FLIGHTMANAGEMENTSYSTEM.APIGATEWAY/LIN-5CG2093V3P.corp.capgemini.com:com.FlightManagementSystem.APIGateway:8888 with status DOWN (replication=false)
01:12:55.978 [http-nio-8761-exec-5] INFO  c.n.e.r.AbstractInstanceRegistry - Registered instance COM.FLIGHTMANAGEMENTSYSTEM.APIGATEWAY/LIN-5CG2093V3P.corp.capgemini.com:com.FlightManagementSystem.APIGateway:8888 with status DOWN (replication=true)
01:12:56.153 [http-nio-8761-exec-3] INFO  c.n.e.r.AbstractInstanceRegistry - Registered instance COM.FLIGHTMANAGEMENTSYSTEM.APIGATEWAY/LIN-5CG2093V3P.corp.capgemini.com:com.FlightManagementSystem.APIGateway:8888 with status UP (replication=false)
01:12:56.656 [http-nio-8761-exec-1] INFO  c.n.e.r.AbstractInstanceRegistry - Registered instance COM.FLIGHTMANAGEMENTSYSTEM.APIGATEWAY/LIN-5CG2093V3P.corp.capgemini.com:com.FlightManagementSystem.APIGateway:8888 with status UP (replication=true)
01:13:01.490 [Eureka-EvictionTimer] INFO  c.n.e.r.AbstractInstanceRegistry - Running the evict task with compensationTime 15ms
01:13:16.054 [http-nio-8761-exec-2] INFO  c.n.e.r.AbstractInstanceRegistry - Registered instance COM.FLIGHTMANAGEMENTSYSTEM.BOOKING/LIN-5CG2093V3P.corp.capgemini.com:com.FlightManagementSystem.Booking:8083 with status UP (replication=false)
01:13:16.559 [http-nio-8761-exec-9] INFO  c.n.e.r.AbstractInstanceRegistry - Registered instance COM.FLIGHTMANAGEMENTSYSTEM.BOOKING/LIN-5CG2093V3P.corp.capgemini.com:com.FlightManagementSystem.Booking:8083 with status UP (replication=true)
01:14:01.490 [Eureka-EvictionTimer] INFO  c.n.e.r.AbstractInstanceRegistry - Running the evict task with compensationTime 3ms
01:15:01.500 [Eureka-EvictionTimer] INFO  c.n.e.r.AbstractInstanceRegistry - Running the evict task with compensationTime 12ms
01:15:19.342 [http-nio-8761-exec-5] INFO  c.n.e.r.AbstractInstanceRegistry - Registered instance COM.FLIGHTMANAGEMENTSYSTEM.APIGATEWAY/LIN-5CG2093V3P.corp.capgemini.com:com.FlightManagementSystem.APIGateway:8888 with status DOWN (replication=false)
01:15:19.863 [http-nio-8761-exec-7] INFO  c.n.e.r.AbstractInstanceRegistry - Registered instance COM.FLIGHTMANAGEMENTSYSTEM.APIGATEWAY/LIN-5CG2093V3P.corp.capgemini.com:com.FlightManagementSystem.APIGateway:8888 with status DOWN (replication=true)
01:15:20.028 [http-nio-8761-exec-4] INFO  c.n.e.r.AbstractInstanceRegistry - Registered instance COM.FLIGHTMANAGEMENTSYSTEM.APIGATEWAY/LIN-5CG2093V3P.corp.capgemini.com:com.FlightManagementSystem.APIGateway:8888 with status UP (replication=false)
01:15:20.545 [http-nio-8761-exec-3] INFO  c.n.e.r.AbstractInstanceRegistry - Registered instance COM.FLIGHTMANAGEMENTSYSTEM.APIGATEWAY/LIN-5CG2093V3P.corp.capgemini.com:com.FlightManagementSystem.APIGateway:8888 with status UP (replication=true)
01:16:01.502 [Eureka-EvictionTimer] INFO  c.n.e.r.AbstractInstanceRegistry - Running the evict task with compensationTime 5ms
01:16:33.900 [http-nio-8761-exec-1] INFO  c.n.e.r.AbstractInstanceRegistry - Registered instance COM.FLIGHTMANAGEMENTSYSTEM.APIGATEWAY/LIN-5CG2093V3P.corp.capgemini.com:com.FlightManagementSystem.APIGateway:8888 with status DOWN (replication=false)
01:16:34.414 [http-nio-8761-exec-4] INFO  c.n.e.r.AbstractInstanceRegistry - Registered instance COM.FLIGHTMANAGEMENTSYSTEM.APIGATEWAY/LIN-5CG2093V3P.corp.capgemini.com:com.FlightManagementSystem.APIGateway:8888 with status DOWN (replication=true)
01:16:34.551 [http-nio-8761-exec-2] INFO  c.n.e.r.AbstractInstanceRegistry - Registered instance COM.FLIGHTMANAGEMENTSYSTEM.APIGATEWAY/LIN-5CG2093V3P.corp.capgemini.com:com.FlightManagementSystem.APIGateway:8888 with status UP (replication=false)
01:16:35.057 [http-nio-8761-exec-9] INFO  c.n.e.r.AbstractInstanceRegistry - Registered instance COM.FLIGHTMANAGEMENTSYSTEM.APIGATEWAY/LIN-5CG2093V3P.corp.capgemini.com:com.FlightManagementSystem.APIGateway:8888 with status UP (replication=true)
01:17:01.502 [Eureka-EvictionTimer] INFO  c.n.e.r.AbstractInstanceRegistry - Running the evict task with compensationTime 1ms
01:17:31.467 [http-nio-8761-exec-7] INFO  c.n.e.r.AbstractInstanceRegistry - Registered instance COM.FLIGHTMANAGEMENTSYSTEM.CHECKIN/LIN-5CG2093V3P.corp.capgemini.com:com.FlightManagementSystem.CheckIn:8084 with status UP (replication=false)
01:17:31.993 [http-nio-8761-exec-9] INFO  c.n.e.r.AbstractInstanceRegistry - Registered instance COM.FLIGHTMANAGEMENTSYSTEM.CHECKIN/LIN-5CG2093V3P.corp.capgemini.com:com.FlightManagementSystem.CheckIn:8084 with status UP (replication=true)
01:18:01.513 [Eureka-EvictionTimer] INFO  c.n.e.r.AbstractInstanceRegistry - Running the evict task with compensationTime 13ms
01:19:01.513 [Eureka-EvictionTimer] INFO  c.n.e.r.AbstractInstanceRegistry - Running the evict task with compensationTime 1ms
01:19:24.486 [RMI TCP Connection(58)-127.0.0.1] INFO  o.s.b.a.SpringApplicationAdminMXBeanRegistrar$SpringApplicationAdmin - Application shutdown requested.
01:19:24.489 [RMI TCP Connection(58)-127.0.0.1] INFO  o.s.c.n.e.s.EurekaServiceRegistry - Unregistering application COM.FLIGHTMANAGEMENTSYSTEM.EUREKA with eureka with status DOWN
01:19:24.497 [RMI TCP Connection(58)-127.0.0.1] INFO  o.a.coyote.http11.Http11NioProtocol - Stopping ProtocolHandler ["http-nio-8761"]
01:19:24.509 [RMI TCP Connection(58)-127.0.0.1] INFO  o.s.c.n.e.s.EurekaServerBootstrap - Shutting down Eureka Server..
01:19:24.513 [RMI TCP Connection(58)-127.0.0.1] INFO  c.n.e.DefaultEurekaServerContext - Shutting down ...
01:19:24.514 [RMI TCP Connection(58)-127.0.0.1] INFO  c.netflix.servo.monitor.StatsMonitor - Attempting to get the value for an expired monitor: eurekaServer.replication.batchSize.Will start computing stats again.
01:19:24.516 [RMI TCP Connection(58)-127.0.0.1] INFO  c.netflix.servo.monitor.StatsMonitor - Attempting to get the value for an expired monitor: eurekaServer.replication.executionTime.Will start computing stats again.
01:19:24.516 [RMI TCP Connection(58)-127.0.0.1] INFO  c.netflix.servo.monitor.StatsMonitor - Attempting to get the value for an expired monitor: eurekaServer.replication.executionTime.Will start computing stats again.
01:19:24.517 [RMI TCP Connection(58)-127.0.0.1] INFO  c.netflix.servo.monitor.StatsMonitor - Attempting to get the value for an expired monitor: eurekaServer.replication.batchSize.Will start computing stats again.
01:19:24.530 [RMI TCP Connection(58)-127.0.0.1] INFO  c.n.e.DefaultEurekaServerContext - Shut down
01:19:24.530 [RMI TCP Connection(58)-127.0.0.1] INFO  o.s.c.n.e.s.EurekaServerBootstrap - Eureka Service is now shutdown...
01:19:24.532 [RMI TCP Connection(58)-127.0.0.1] INFO  c.n.e.DefaultEurekaServerContext - Shutting down ...
01:19:24.536 [RMI TCP Connection(58)-127.0.0.1] INFO  c.n.e.DefaultEurekaServerContext - Shut down
01:19:24.545 [RMI TCP Connection(58)-127.0.0.1] INFO  c.netflix.discovery.DiscoveryClient - Shutting down DiscoveryClient ...
01:19:24.546 [RMI TCP Connection(58)-127.0.0.1] INFO  c.netflix.discovery.DiscoveryClient - Completed shut down of DiscoveryClient
09:16:02.568 [restartedMain] INFO  com.FMS.Application - Starting Application using Java 17.0.10 with PID 9368 (C:\Users\ayadav2\FlightManagementSystem\com.FlightManagementSystem.Eureka\target\classes started by ayadav2 in C:\Users\ayadav2\FlightManagementSystem\com.FlightManagementSystem.Eureka)
09:16:02.574 [restartedMain] INFO  com.FMS.Application - No active profile set, falling back to 1 default profile: "default"
09:16:02.659 [restartedMain] INFO  o.s.b.d.e.DevToolsPropertyDefaultsPostProcessor - Devtools property defaults active! Set 'spring.devtools.add-properties' to 'false' to disable
09:16:02.659 [restartedMain] INFO  o.s.b.d.e.DevToolsPropertyDefaultsPostProcessor - For additional web related logging consider setting the 'logging.level.web' property to 'DEBUG'
09:16:04.301 [restartedMain] INFO  o.s.cloud.context.scope.GenericScope - BeanFactory id=3c8deffe-9cc2-3611-b9a0-a889a3ca72bc
09:16:04.375 [restartedMain] WARN  o.s.c.s.PostProcessorRegistrationDelegate$BeanPostProcessorChecker - Bean 'org.springframework.cloud.client.loadbalancer.LoadBalancerAutoConfiguration$DeferringLoadBalancerInterceptorConfig' of type [org.springframework.cloud.client.loadbalancer.LoadBalancerAutoConfiguration$DeferringLoadBalancerInterceptorConfig] is not eligible for getting processed by all BeanPostProcessors (for example: not eligible for auto-proxying). The currently created BeanPostProcessor [lbRestClientPostProcessor] is declared through a non-static factory method on that class; consider declaring it as static instead.
09:16:04.378 [restartedMain] WARN  o.s.c.s.PostProcessorRegistrationDelegate$BeanPostProcessorChecker - Bean 'deferringLoadBalancerInterceptor' of type [org.springframework.cloud.client.loadbalancer.DeferringLoadBalancerInterceptor] is not eligible for getting processed by all BeanPostProcessors (for example: not eligible for auto-proxying). Is this bean getting eagerly injected into a currently created BeanPostProcessor [lbRestClientPostProcessor]? Check the corresponding BeanPostProcessor declaration and its dependencies.
09:16:04.868 [restartedMain] INFO  o.s.b.w.e.tomcat.TomcatWebServer - Tomcat initialized with port 8761 (http)
09:16:04.881 [restartedMain] INFO  o.a.coyote.http11.Http11NioProtocol - Initializing ProtocolHandler ["http-nio-8761"]
09:16:04.883 [restartedMain] INFO  o.a.catalina.core.StandardService - Starting service [Tomcat]
09:16:04.883 [restartedMain] INFO  o.a.catalina.core.StandardEngine - Starting Servlet engine: [Apache Tomcat/10.1.20]
09:16:04.967 [restartedMain] INFO  o.a.c.c.C.[Tomcat].[localhost].[/] - Initializing Spring embedded WebApplicationContext
09:16:04.968 [restartedMain] INFO  o.s.b.w.s.c.ServletWebServerApplicationContext - Root WebApplicationContext: initialization completed in 2307 ms
09:16:05.994 [restartedMain] INFO  c.n.d.p.DiscoveryJerseyProvider - Using JSON encoding codec LegacyJacksonJson
09:16:05.996 [restartedMain] INFO  c.n.d.p.DiscoveryJerseyProvider - Using JSON decoding codec LegacyJacksonJson
09:16:06.208 [restartedMain] INFO  c.n.d.p.DiscoveryJerseyProvider - Using XML encoding codec XStreamXml
09:16:06.208 [restartedMain] INFO  c.n.d.p.DiscoveryJerseyProvider - Using XML decoding codec XStreamXml
09:16:07.170 [restartedMain] WARN  o.s.b.d.a.OptionalLiveReloadServer - Unable to start LiveReload server
09:16:07.329 [restartedMain] WARN  o.s.c.l.c.LoadBalancerCacheAutoConfiguration$LoadBalancerCaffeineWarnLogger - Spring Cloud LoadBalancer is currently working with the default cache. While this cache implementation is useful for development and tests, it's recommended to use Caffeine cache in production.You can switch to using Caffeine cache, by adding it and org.springframework.cache.caffeine.CaffeineCacheManager to the classpath.
09:16:07.347 [restartedMain] INFO  o.s.c.n.eureka.InstanceInfoFactory - Setting initial instance status as: STARTING
09:16:07.376 [restartedMain] INFO  c.netflix.discovery.DiscoveryClient - Initializing Eureka in region us-east-1
09:16:07.377 [restartedMain] INFO  c.netflix.discovery.DiscoveryClient - Client configured to neither register nor query for data.
09:16:07.386 [restartedMain] INFO  c.netflix.discovery.DiscoveryClient - Discovery Client initialized at timestamp 1715139967385 with initial instances count: 0
09:16:07.436 [restartedMain] INFO  c.n.e.DefaultEurekaServerContext - Initializing ...
09:16:07.438 [restartedMain] INFO  c.n.eureka.cluster.PeerEurekaNodes - Adding new peer nodes [http://localhost:8761/eureka/]
09:16:07.598 [restartedMain] INFO  c.n.d.p.DiscoveryJerseyProvider - Using JSON encoding codec LegacyJacksonJson
09:16:07.599 [restartedMain] INFO  c.n.d.p.DiscoveryJerseyProvider - Using JSON decoding codec LegacyJacksonJson
09:16:07.599 [restartedMain] INFO  c.n.d.p.DiscoveryJerseyProvider - Using XML encoding codec XStreamXml
09:16:07.599 [restartedMain] INFO  c.n.d.p.DiscoveryJerseyProvider - Using XML decoding codec XStreamXml
09:16:07.650 [restartedMain] INFO  c.n.eureka.cluster.PeerEurekaNodes - Replica node URL:  http://localhost:8761/eureka/
09:16:07.658 [restartedMain] INFO  c.n.e.r.AbstractInstanceRegistry - Finished initializing remote region registries. All known remote regions: []
09:16:07.659 [restartedMain] INFO  c.n.e.DefaultEurekaServerContext - Initialized
09:16:07.665 [restartedMain] INFO  o.s.b.a.e.web.EndpointLinksResolver - Exposing 1 endpoint(s) beneath base path '/actuator'
09:16:07.725 [restartedMain] INFO  o.s.c.n.e.s.EurekaServiceRegistry - Registering application COM.FLIGHTMANAGEMENTSYSTEM.EUREKA with eureka with status UP
09:16:07.727 [restartedMain] INFO  o.a.coyote.http11.Http11NioProtocol - Starting ProtocolHandler ["http-nio-8761"]
09:16:07.740 [Thread-13] INFO  o.s.c.n.e.s.EurekaServerBootstrap - isAws returned false
09:16:07.740 [Thread-13] INFO  o.s.c.n.e.s.EurekaServerBootstrap - Initialized server context
09:16:07.740 [Thread-13] INFO  c.n.e.r.PeerAwareInstanceRegistryImpl - Got 1 instances from neighboring DS node
09:16:07.740 [Thread-13] INFO  c.n.e.r.PeerAwareInstanceRegistryImpl - Renew threshold is: 1
09:16:07.741 [Thread-13] INFO  c.n.e.r.PeerAwareInstanceRegistryImpl - Changing status to UP
09:16:07.747 [Thread-13] INFO  o.s.c.n.e.s.EurekaServerInitializerConfiguration - Started Eureka Server
09:16:07.754 [restartedMain] INFO  o.s.b.w.e.tomcat.TomcatWebServer - Tomcat started on port 8761 (http) with context path ''
09:16:07.755 [restartedMain] INFO  o.s.c.n.e.s.EurekaAutoServiceRegistration - Updating port to 8761
09:16:07.891 [restartedMain] INFO  com.FMS.Application - Started Application in 6.052 seconds (process running for 7.962)
09:16:09.218 [RMI TCP Connection(3)-127.0.0.1] INFO  o.a.c.c.C.[Tomcat].[localhost].[/] - Initializing Spring DispatcherServlet 'dispatcherServlet'
09:16:09.219 [RMI TCP Connection(3)-127.0.0.1] INFO  o.s.web.servlet.DispatcherServlet - Initializing Servlet 'dispatcherServlet'
09:16:09.222 [RMI TCP Connection(3)-127.0.0.1] INFO  o.s.web.servlet.DispatcherServlet - Completed initialization in 3 ms
09:16:21.498 [http-nio-8761-exec-2] INFO  c.n.e.r.AbstractInstanceRegistry - Registered instance COM.FLIGHTMANAGEMENTSYSTEM.APIGATEWAY/LIN-5CG2093V3P.corp.capgemini.com:com.FlightManagementSystem.APIGateway:8888 with status UP (replication=false)
09:16:22.186 [http-nio-8761-exec-3] INFO  c.n.e.r.AbstractInstanceRegistry - Registered instance COM.FLIGHTMANAGEMENTSYSTEM.APIGATEWAY/LIN-5CG2093V3P.corp.capgemini.com:com.FlightManagementSystem.APIGateway:8888 with status UP (replication=true)
09:16:27.672 [http-nio-8761-exec-4] WARN  c.n.e.r.AbstractInstanceRegistry - DS: Registry: lease doesn't exist, registering resource: COM.FLIGHTMANAGEMENTSYSTEM.SEARCH - LIN-5CG2093V3P.corp.capgemini.com:com.FlightManagementSystem.Search:8082
09:16:27.673 [http-nio-8761-exec-4] WARN  c.n.e.resources.InstanceResource - Not Found (Renew): COM.FLIGHTMANAGEMENTSYSTEM.SEARCH - LIN-5CG2093V3P.corp.capgemini.com:com.FlightManagementSystem.Search:8082
09:16:27.690 [http-nio-8761-exec-5] INFO  c.n.e.r.AbstractInstanceRegistry - Registered instance COM.FLIGHTMANAGEMENTSYSTEM.SEARCH/LIN-5CG2093V3P.corp.capgemini.com:com.FlightManagementSystem.Search:8082 with status UP (replication=false)
09:16:27.767 [http-nio-8761-exec-7] INFO  c.n.e.r.AbstractInstanceRegistry - Registered instance COM.FLIGHTMANAGEMENTSYSTEM.SEARCH/LIN-5CG2093V3P.corp.capgemini.com:com.FlightManagementSystem.Search:8082 with status UP (replication=false)
09:16:28.280 [http-nio-8761-exec-8] INFO  c.n.e.r.AbstractInstanceRegistry - Registered instance COM.FLIGHTMANAGEMENTSYSTEM.SEARCH/LIN-5CG2093V3P.corp.capgemini.com:com.FlightManagementSystem.Search:8082 with status UP (replication=true)
09:16:41.894 [http-nio-8761-exec-9] INFO  c.n.e.r.AbstractInstanceRegistry - Registered instance COM.FLIGHTMANAGEMENTSYSTEM.AUTH-SERVICE/LIN-5CG2093V3P.corp.capgemini.com:com.FlightManagementSystem.Auth-Service:8889 with status UP (replication=false)
09:16:42.401 [http-nio-8761-exec-1] INFO  c.n.e.r.AbstractInstanceRegistry - Registered instance COM.FLIGHTMANAGEMENTSYSTEM.AUTH-SERVICE/LIN-5CG2093V3P.corp.capgemini.com:com.FlightManagementSystem.Auth-Service:8889 with status UP (replication=true)
09:17:07.742 [Eureka-EvictionTimer] INFO  c.n.e.r.AbstractInstanceRegistry - Running the evict task with compensationTime 0ms
09:18:07.742 [Eureka-EvictionTimer] INFO  c.n.e.r.AbstractInstanceRegistry - Running the evict task with compensationTime 293ms
09:18:23.209 [http-nio-8761-exec-2] INFO  c.n.e.r.AbstractInstanceRegistry - Registered instance COM.FLIGHTMANAGEMENTSYSTEM.FLIGHTDETAILS/LIN-5CG2093V3P.corp.capgemini.com:com.FlightManagementSystem.FlightDetails:8081 with status UP (replication=false)
09:18:23.719 [http-nio-8761-exec-10] INFO  c.n.e.r.AbstractInstanceRegistry - Registered instance COM.FLIGHTMANAGEMENTSYSTEM.FLIGHTDETAILS/LIN-5CG2093V3P.corp.capgemini.com:com.FlightManagementSystem.FlightDetails:8081 with status UP (replication=true)
09:19:07.742 [Eureka-EvictionTimer] INFO  c.n.e.r.AbstractInstanceRegistry - Running the evict task with compensationTime 294ms
09:23:29.748 [Eureka-EvictionTimer] INFO  c.n.e.r.AbstractInstanceRegistry - Running the evict task with compensationTime 202282ms
09:24:29.749 [Eureka-EvictionTimer] INFO  c.n.e.r.AbstractInstanceRegistry - Running the evict task with compensationTime 1ms
09:25:29.749 [Eureka-EvictionTimer] INFO  c.n.e.r.AbstractInstanceRegistry - Running the evict task with compensationTime 0ms
09:26:29.750 [Eureka-EvictionTimer] INFO  c.n.e.r.AbstractInstanceRegistry - Running the evict task with compensationTime 1ms
09:27:29.751 [Eureka-EvictionTimer] INFO  c.n.e.r.AbstractInstanceRegistry - Running the evict task with compensationTime 1ms
09:28:29.751 [Eureka-EvictionTimer] INFO  c.n.e.r.AbstractInstanceRegistry - Running the evict task with compensationTime 0ms
09:29:29.751 [Eureka-EvictionTimer] INFO  c.n.e.r.AbstractInstanceRegistry - Running the evict task with compensationTime 23ms
09:30:29.751 [Eureka-EvictionTimer] INFO  c.n.e.r.AbstractInstanceRegistry - Running the evict task with compensationTime 29ms
09:31:29.765 [Eureka-EvictionTimer] INFO  c.n.e.r.AbstractInstanceRegistry - Running the evict task with compensationTime 44ms
09:32:29.765 [Eureka-EvictionTimer] INFO  c.n.e.r.AbstractInstanceRegistry - Running the evict task with compensationTime 29ms
09:33:29.773 [Eureka-EvictionTimer] INFO  c.n.e.r.AbstractInstanceRegistry - Running the evict task with compensationTime 37ms
09:34:28.632 [ReplicaAwareInstanceRegistry - RenewalThresholdUpdater] INFO  c.n.e.r.PeerAwareInstanceRegistryImpl - Current renewal threshold is : 0
09:34:29.774 [Eureka-EvictionTimer] INFO  c.n.e.r.AbstractInstanceRegistry - Running the evict task with compensationTime 6ms
09:35:29.774 [Eureka-EvictionTimer] INFO  c.n.e.r.AbstractInstanceRegistry - Running the evict task with compensationTime 0ms
09:36:29.774 [Eureka-EvictionTimer] INFO  c.n.e.r.AbstractInstanceRegistry - Running the evict task with compensationTime 0ms
09:37:29.774 [Eureka-EvictionTimer] INFO  c.n.e.r.AbstractInstanceRegistry - Running the evict task with compensationTime 0ms
09:38:29.775 [Eureka-EvictionTimer] INFO  c.n.e.r.AbstractInstanceRegistry - Running the evict task with compensationTime 0ms
09:39:29.776 [Eureka-EvictionTimer] INFO  c.n.e.r.AbstractInstanceRegistry - Running the evict task with compensationTime 0ms
09:40:29.777 [Eureka-EvictionTimer] INFO  c.n.e.r.AbstractInstanceRegistry - Running the evict task with compensationTime 1ms
09:41:29.777 [Eureka-EvictionTimer] INFO  c.n.e.r.AbstractInstanceRegistry - Running the evict task with compensationTime 0ms
09:42:29.777 [Eureka-EvictionTimer] INFO  c.n.e.r.AbstractInstanceRegistry - Running the evict task with compensationTime 0ms
09:43:29.778 [Eureka-EvictionTimer] INFO  c.n.e.r.AbstractInstanceRegistry - Running the evict task with compensationTime 0ms
09:44:29.778 [Eureka-EvictionTimer] INFO  c.n.e.r.AbstractInstanceRegistry - Running the evict task with compensationTime 0ms
09:45:29.778 [Eureka-EvictionTimer] INFO  c.n.e.r.AbstractInstanceRegistry - Running the evict task with compensationTime 0ms
09:46:29.778 [Eureka-EvictionTimer] INFO  c.n.e.r.AbstractInstanceRegistry - Running the evict task with compensationTime 0ms
09:47:29.779 [Eureka-EvictionTimer] INFO  c.n.e.r.AbstractInstanceRegistry - Running the evict task with compensationTime 0ms
09:48:29.779 [Eureka-EvictionTimer] INFO  c.n.e.r.AbstractInstanceRegistry - Running the evict task with compensationTime 0ms
09:49:28.633 [ReplicaAwareInstanceRegistry - RenewalThresholdUpdater] INFO  c.n.e.r.PeerAwareInstanceRegistryImpl - Current renewal threshold is : 0
09:49:29.780 [Eureka-EvictionTimer] INFO  c.n.e.r.AbstractInstanceRegistry - Running the evict task with compensationTime 0ms
09:50:29.780 [Eureka-EvictionTimer] INFO  c.n.e.r.AbstractInstanceRegistry - Running the evict task with compensationTime 0ms
09:51:29.780 [Eureka-EvictionTimer] INFO  c.n.e.r.AbstractInstanceRegistry - Running the evict task with compensationTime 0ms
09:52:29.781 [Eureka-EvictionTimer] INFO  c.n.e.r.AbstractInstanceRegistry - Running the evict task with compensationTime 0ms
09:53:29.785 [Eureka-EvictionTimer] INFO  c.n.e.r.AbstractInstanceRegistry - Running the evict task with compensationTime 4ms
09:54:29.800 [Eureka-EvictionTimer] INFO  c.n.e.r.AbstractInstanceRegistry - Running the evict task with compensationTime 15ms
09:54:33.610 [http-nio-8761-exec-10] INFO  c.n.e.r.AbstractInstanceRegistry - Registered instance COM.FLIGHTMANAGEMENTSYSTEM.APIGATEWAY/LIN-5CG2093V3P.corp.capgemini.com:com.FlightManagementSystem.APIGateway:8888 with status DOWN (replication=false)
09:54:34.116 [http-nio-8761-exec-3] INFO  c.n.e.r.AbstractInstanceRegistry - Registered instance COM.FLIGHTMANAGEMENTSYSTEM.APIGATEWAY/LIN-5CG2093V3P.corp.capgemini.com:com.FlightManagementSystem.APIGateway:8888 with status DOWN (replication=true)
09:54:34.742 [http-nio-8761-exec-4] INFO  c.n.e.r.AbstractInstanceRegistry - Registered instance COM.FLIGHTMANAGEMENTSYSTEM.APIGATEWAY/LIN-5CG2093V3P.corp.capgemini.com:com.FlightManagementSystem.APIGateway:8888 with status UP (replication=false)
09:54:35.240 [http-nio-8761-exec-2] INFO  c.n.e.r.AbstractInstanceRegistry - Registered instance COM.FLIGHTMANAGEMENTSYSTEM.APIGATEWAY/LIN-5CG2093V3P.corp.capgemini.com:com.FlightManagementSystem.APIGateway:8888 with status UP (replication=true)
09:54:35.953 [http-nio-8761-exec-1] INFO  c.n.e.r.AbstractInstanceRegistry - Registered instance COM.FLIGHTMANAGEMENTSYSTEM.APIGATEWAY/LIN-5CG2093V3P.corp.capgemini.com:com.FlightManagementSystem.APIGateway:8888 with status DOWN (replication=false)
09:54:36.462 [http-nio-8761-exec-6] INFO  c.n.e.r.AbstractInstanceRegistry - Registered instance COM.FLIGHTMANAGEMENTSYSTEM.APIGATEWAY/LIN-5CG2093V3P.corp.capgemini.com:com.FlightManagementSystem.APIGateway:8888 with status DOWN (replication=true)
09:54:39.827 [http-nio-8761-exec-3] INFO  c.n.e.r.AbstractInstanceRegistry - Registered instance COM.FLIGHTMANAGEMENTSYSTEM.APIGATEWAY/LIN-5CG2093V3P.corp.capgemini.com:com.FlightManagementSystem.APIGateway:8888 with status UP (replication=false)
09:54:40.339 [http-nio-8761-exec-5] INFO  c.n.e.r.AbstractInstanceRegistry - Registered instance COM.FLIGHTMANAGEMENTSYSTEM.APIGATEWAY/LIN-5CG2093V3P.corp.capgemini.com:com.FlightManagementSystem.APIGateway:8888 with status UP (replication=true)
09:54:43.030 [http-nio-8761-exec-9] INFO  c.n.e.r.AbstractInstanceRegistry - Registered instance COM.FLIGHTMANAGEMENTSYSTEM.APIGATEWAY/LIN-5CG2093V3P.corp.capgemini.com:com.FlightManagementSystem.APIGateway:8888 with status DOWN (replication=false)
09:54:43.538 [http-nio-8761-exec-2] INFO  c.n.e.r.AbstractInstanceRegistry - Registered instance COM.FLIGHTMANAGEMENTSYSTEM.APIGATEWAY/LIN-5CG2093V3P.corp.capgemini.com:com.FlightManagementSystem.APIGateway:8888 with status DOWN (replication=true)
09:54:43.756 [http-nio-8761-exec-8] INFO  c.n.e.r.AbstractInstanceRegistry - Registered instance COM.FLIGHTMANAGEMENTSYSTEM.APIGATEWAY/LIN-5CG2093V3P.corp.capgemini.com:com.FlightManagementSystem.APIGateway:8888 with status UP (replication=false)
09:54:44.265 [http-nio-8761-exec-6] INFO  c.n.e.r.AbstractInstanceRegistry - Registered instance COM.FLIGHTMANAGEMENTSYSTEM.APIGATEWAY/LIN-5CG2093V3P.corp.capgemini.com:com.FlightManagementSystem.APIGateway:8888 with status UP (replication=true)
09:55:29.801 [Eureka-EvictionTimer] INFO  c.n.e.r.AbstractInstanceRegistry - Running the evict task with compensationTime 0ms
09:56:02.627 [http-nio-8761-exec-7] INFO  c.n.e.r.AbstractInstanceRegistry - Registered instance COM.FLIGHTMANAGEMENTSYSTEM.APIGATEWAY/LIN-5CG2093V3P.corp.capgemini.com:com.FlightManagementSystem.APIGateway:8888 with status DOWN (replication=false)
09:56:03.145 [http-nio-8761-exec-9] INFO  c.n.e.r.AbstractInstanceRegistry - Registered instance COM.FLIGHTMANAGEMENTSYSTEM.APIGATEWAY/LIN-5CG2093V3P.corp.capgemini.com:com.FlightManagementSystem.APIGateway:8888 with status DOWN (replication=true)
09:56:29.810 [Eureka-EvictionTimer] INFO  c.n.e.r.AbstractInstanceRegistry - Running the evict task with compensationTime 9ms
09:57:16.219 [http-nio-8761-exec-8] INFO  c.n.e.r.AbstractInstanceRegistry - Registered instance UNKNOWN/LIN-5CG2093V3P.corp.capgemini.com with status UP (replication=false)
09:57:16.725 [http-nio-8761-exec-10] INFO  c.n.e.r.AbstractInstanceRegistry - Registered instance UNKNOWN/LIN-5CG2093V3P.corp.capgemini.com with status UP (replication=true)
09:57:29.811 [Eureka-EvictionTimer] INFO  c.n.e.r.AbstractInstanceRegistry - Running the evict task with compensationTime 0ms
09:58:29.168 [http-nio-8761-exec-2] INFO  c.n.e.r.AbstractInstanceRegistry - Registered instance UNKNOWN/LIN-5CG2093V3P.corp.capgemini.com with status DOWN (replication=false)
09:58:29.699 [http-nio-8761-exec-7] INFO  c.n.e.r.AbstractInstanceRegistry - Registered instance UNKNOWN/LIN-5CG2093V3P.corp.capgemini.com with status DOWN (replication=true)
09:58:29.811 [Eureka-EvictionTimer] INFO  c.n.e.r.AbstractInstanceRegistry - Running the evict task with compensationTime 5ms
09:58:29.811 [Eureka-EvictionTimer] INFO  c.n.e.r.AbstractInstanceRegistry - Evicting 1 items (expired=1, evictionLimit=1)
09:58:29.811 [Eureka-EvictionTimer] WARN  c.n.e.r.AbstractInstanceRegistry - DS: Registry: expired lease for COM.FLIGHTMANAGEMENTSYSTEM.APIGATEWAY/LIN-5CG2093V3P.corp.capgemini.com:com.FlightManagementSystem.APIGateway:8888
09:58:29.813 [Eureka-EvictionTimer] INFO  c.n.e.r.AbstractInstanceRegistry - Cancelled instance COM.FLIGHTMANAGEMENTSYSTEM.APIGATEWAY/LIN-5CG2093V3P.corp.capgemini.com:com.FlightManagementSystem.APIGateway:8888 (replication=false)
09:58:30.110 [http-nio-8761-exec-5] INFO  c.n.e.r.AbstractInstanceRegistry - Registered instance COM.FLIGHTMANAGEMENTSYSTEM.APIGATEWAY/LIN-5CG2093V3P.corp.capgemini.com:com.FlightManagementSystem.APIGateway:8888 with status UP (replication=false)
09:58:30.622 [http-nio-8761-exec-9] INFO  c.n.e.r.AbstractInstanceRegistry - Registered instance COM.FLIGHTMANAGEMENTSYSTEM.APIGATEWAY/LIN-5CG2093V3P.corp.capgemini.com:com.FlightManagementSystem.APIGateway:8888 with status UP (replication=true)
09:59:29.811 [Eureka-EvictionTimer] INFO  c.n.e.r.AbstractInstanceRegistry - Running the evict task with compensationTime 7ms
10:00:29.812 [Eureka-EvictionTimer] INFO  c.n.e.r.AbstractInstanceRegistry - Running the evict task with compensationTime 8ms
10:00:29.812 [Eureka-EvictionTimer] INFO  c.n.e.r.AbstractInstanceRegistry - Evicting 1 items (expired=2, evictionLimit=1)
10:00:29.812 [Eureka-EvictionTimer] WARN  c.n.e.r.AbstractInstanceRegistry - DS: Registry: expired lease for COM.FLIGHTMANAGEMENTSYSTEM.APIGATEWAY/LIN-5CG2093V3P.corp.capgemini.com:com.FlightManagementSystem.APIGateway:8888
10:00:29.813 [Eureka-EvictionTimer] INFO  c.n.e.r.AbstractInstanceRegistry - Cancelled instance COM.FLIGHTMANAGEMENTSYSTEM.APIGATEWAY/LIN-5CG2093V3P.corp.capgemini.com:com.FlightManagementSystem.APIGateway:8888 (replication=false)
10:01:29.812 [Eureka-EvictionTimer] INFO  c.n.e.r.AbstractInstanceRegistry - Running the evict task with compensationTime 8ms
10:01:29.813 [Eureka-EvictionTimer] INFO  c.n.e.r.AbstractInstanceRegistry - Evicting 1 items (expired=1, evictionLimit=1)
10:01:29.813 [Eureka-EvictionTimer] WARN  c.n.e.r.AbstractInstanceRegistry - DS: Registry: expired lease for UNKNOWN/LIN-5CG2093V3P.corp.capgemini.com
10:01:29.813 [Eureka-EvictionTimer] INFO  c.n.e.r.AbstractInstanceRegistry - Cancelled instance UNKNOWN/LIN-5CG2093V3P.corp.capgemini.com (replication=false)
10:02:29.812 [Eureka-EvictionTimer] INFO  c.n.e.r.AbstractInstanceRegistry - Running the evict task with compensationTime 8ms
10:03:29.813 [Eureka-EvictionTimer] INFO  c.n.e.r.AbstractInstanceRegistry - Running the evict task with compensationTime 4ms
10:04:22.863 [http-nio-8761-exec-4] INFO  c.n.e.r.AbstractInstanceRegistry - Registered instance COM.FLIGHTMANAGEMENTSYSTEM.APIGATEWAY/LIN-5CG2093V3P.corp.capgemini.com:com.FlightManagementSystem.APIGateway:8888 with status UP (replication=false)
10:04:23.364 [http-nio-8761-exec-9] INFO  c.n.e.r.AbstractInstanceRegistry - Registered instance COM.FLIGHTMANAGEMENTSYSTEM.APIGATEWAY/LIN-5CG2093V3P.corp.capgemini.com:com.FlightManagementSystem.APIGateway:8888 with status UP (replication=true)
10:04:28.633 [ReplicaAwareInstanceRegistry - RenewalThresholdUpdater] INFO  c.n.e.r.PeerAwareInstanceRegistryImpl - Current renewal threshold is : 0
10:04:29.824 [Eureka-EvictionTimer] INFO  c.n.e.r.AbstractInstanceRegistry - Running the evict task with compensationTime 10ms
10:05:02.959 [http-nio-8761-exec-5] INFO  c.n.e.r.AbstractInstanceRegistry - Registered instance COM.FLIGHTMANAGEMENTSYSTEM.APIGATEWAY/LIN-5CG2093V3P.corp.capgemini.com:com.FlightManagementSystem.APIGateway:8888 with status DOWN (replication=false)
10:05:03.471 [http-nio-8761-exec-10] INFO  c.n.e.r.AbstractInstanceRegistry - Registered instance COM.FLIGHTMANAGEMENTSYSTEM.APIGATEWAY/LIN-5CG2093V3P.corp.capgemini.com:com.FlightManagementSystem.APIGateway:8888 with status DOWN (replication=true)
10:05:03.734 [http-nio-8761-exec-4] INFO  c.n.e.r.AbstractInstanceRegistry - Registered instance COM.FLIGHTMANAGEMENTSYSTEM.APIGATEWAY/LIN-5CG2093V3P.corp.capgemini.com:com.FlightManagementSystem.APIGateway:8888 with status UP (replication=false)
10:05:04.238 [http-nio-8761-exec-9] INFO  c.n.e.r.AbstractInstanceRegistry - Registered instance COM.FLIGHTMANAGEMENTSYSTEM.APIGATEWAY/LIN-5CG2093V3P.corp.capgemini.com:com.FlightManagementSystem.APIGateway:8888 with status UP (replication=true)
10:05:29.832 [Eureka-EvictionTimer] INFO  c.n.e.r.AbstractInstanceRegistry - Running the evict task with compensationTime 8ms
10:06:12.130 [http-nio-8761-exec-4] INFO  c.n.e.r.AbstractInstanceRegistry - Registered instance COM.FLIGHTMANAGEMENTSYSTEM.APIGATEWAY/LIN-5CG2093V3P.corp.capgemini.com:com.FlightManagementSystem.APIGateway:8888 with status DOWN (replication=false)
10:06:12.640 [http-nio-8761-exec-3] INFO  c.n.e.r.AbstractInstanceRegistry - Registered instance COM.FLIGHTMANAGEMENTSYSTEM.APIGATEWAY/LIN-5CG2093V3P.corp.capgemini.com:com.FlightManagementSystem.APIGateway:8888 with status DOWN (replication=true)
10:06:29.832 [Eureka-EvictionTimer] INFO  c.n.e.r.AbstractInstanceRegistry - Running the evict task with compensationTime 0ms
10:07:29.836 [Eureka-EvictionTimer] INFO  c.n.e.r.AbstractInstanceRegistry - Running the evict task with compensationTime 3ms
